Using pre-set license
Built from '2020.3/release' branch; Version is '2020.3.7f1 (dd97f2c94397) revision 14522354'; Using compiler version '192528614'; Build Type 'Release'
OS: 'Windows 10 Pro; OS build 19041.985; Version 2004; 64bit' Language: 'en' Physical Memory: 16293 MB
BatchMode: 1, IsHumanControllingUs: 0, StartBugReporterOnCrash: 0, Is64bit: 1, IsPro: 0

 COMMAND LINE ARGUMENTS:
C:\Program Files\Unity\Hub\Editor\2020.3.7f1\Editor\Unity.exe
-adb2
-batchMode
-noUpm
-name
AssetImportWorker0
-projectPath
C:/Users/fults/Desktop/UNITY/RPG Project - Copy
-logFile
Logs/AssetImportWorker0.log
-srvPort
61636
Successfully changed project path to: C:/Users/fults/Desktop/UNITY/RPG Project - Copy
C:/Users/fults/Desktop/UNITY/RPG Project - Copy
Using Asset Import Pipeline V2.
Refreshing native plugins compatible for Editor in 139.61 ms, found 0 plugins.
Preloading 0 native plugins for Editor in 0.00 ms.
Initialize engine version: 2020.3.7f1 (dd97f2c94397)
[Subsystems] Discovering subsystems at path C:/Program Files/Unity/Hub/Editor/2020.3.7f1/Editor/Data/Resources/UnitySubsystems
[Subsystems] Discovering subsystems at path C:/Users/fults/Desktop/UNITY/RPG Project - Copy/Assets
GfxDevice: creating device client; threaded=0
Direct3D:
    Version:  Direct3D 11.0 [level 11.1]
    Renderer: NVIDIA GeForce RTX 2080 SUPER (ID=0x1e81)
    Vendor:   
    VRAM:     8010 MB
    Driver:   27.21.14.6611
Shader 'Universal Render Pipeline/Particles/Lit': fallback shader 'Universal Render Pipeline/Particles/SimpleLit' not found
Initialize mono
Mono path[0] = 'C:/Program Files/Unity/Hub/Editor/2020.3.7f1/Editor/Data/Managed'
Mono path[1] = 'C:/Program Files/Unity/Hub/Editor/2020.3.7f1/Editor/Data/MonoBleedingEdge/lib/mono/unityjit'
Mono config path = 'C:/Program Files/Unity/Hub/Editor/2020.3.7f1/Editor/Data/MonoBleedingEdge/etc'
Using monoOptions --debugger-agent=transport=dt_socket,embedding=1,server=y,suspend=n,address=127.0.0.1:56948
Begin MonoManager ReloadAssembly
Registering precompiled unity dll's ...
Register platform support module: C:/Program Files/Unity/Hub/Editor/2020.3.7f1/Editor/Data/PlaybackEngines/WebGLSupport/UnityEditor.WebGL.Extensions.dll
Register platform support module: C:/Program Files/Unity/Hub/Editor/2020.3.7f1/Editor/Data/PlaybackEngines/WindowsStandaloneSupport/UnityEditor.WindowsStandalone.Extensions.dll
Registered in 0.001939 seconds.
Native extension for WindowsStandalone target not found
Native extension for WebGL target not found
Refreshing native plugins compatible for Editor in 139.63 ms, found 0 plugins.
Preloading 0 native plugins for Editor in 0.00 ms.
Mono: successfully reloaded assembly
- Completed reload, in  1.077 seconds
Platform modules already initialized, skipping
Registering precompiled user dll's ...
Registered in 0.004881 seconds.
Begin MonoManager ReloadAssembly
Native extension for WindowsStandalone target not found
Native extension for WebGL target not found
Refreshing native plugins compatible for Editor in 140.99 ms, found 0 plugins.
Preloading 0 native plugins for Editor in 0.00 ms.
Mono: successfully reloaded assembly
- Completed reload, in  1.100 seconds
Platform modules already initialized, skipping
========================================================================
Worker process is ready to serve import requests
Shader 'Universal Render Pipeline/Particles/Lit': fallback shader 'Universal Render Pipeline/Particles/SimpleLit' not found
Launched and connected shader compiler UnityShaderCompiler.exe after 0.06 seconds
Refreshing native plugins compatible for Editor in 2.03 ms, found 0 plugins.
Preloading 0 native plugins for Editor in 0.00 ms.
Unloading 3454 Unused Serialized files (Serialized files now loaded: 0)
System memory in use before: 181.9 MB.
System memory in use after: 182.1 MB.

Unloading 55 unused Assets to reduce memory usage. Loaded Objects now: 3896.
Total: 5.753200 ms (FindLiveObjects: 0.480600 ms CreateObjectMapping: 0.091400 ms MarkObjects: 5.007100 ms  DeleteObjects: 0.172700 ms)

========================================================================
Received Import Request.
  path: Assets/Scenes/Sandbox.unity
  artifactKey: Guid(6b2e871ef9773c04fbdc6014e64f26db) Importer(815301076,1909f56bfc062723c751e8b465ee728b)
Start importing Assets/Scenes/Sandbox.unity using Guid(6b2e871ef9773c04fbdc6014e64f26db) Importer(815301076,1909f56bfc062723c751e8b465ee728b)  -> (artifact id: '946ab91cce6b555ce79f848583577345') in 0.016543 seconds
  Import took 0.024634 seconds .

========================================================================
Received Import Request.
  Time since last request: 11.384434 seconds.
  path: Assets/Game/UI/Inventory Canvas.prefab
  artifactKey: Guid(07dc30b6f1bbb4147acd5fd5555a18f5) Importer(815301076,1909f56bfc062723c751e8b465ee728b)
Start importing Assets/Game/UI/Inventory Canvas.prefab using Guid(07dc30b6f1bbb4147acd5fd5555a18f5) Importer(815301076,1909f56bfc062723c751e8b465ee728b)  -> (artifact id: 'dd65712f415d5d7171c7c658df8c8e5c') in 0.132063 seconds
  Import took 0.139827 seconds .

========================================================================
Received Prepare
Registering precompiled user dll's ...
Registered in 0.005077 seconds.
Begin MonoManager ReloadAssembly
Native extension for WindowsStandalone target not found
Native extension for WebGL target not found
Refreshing native plugins compatible for Editor in 1.88 ms, found 0 plugins.
Preloading 0 native plugins for Editor in 0.00 ms.
Mono: successfully reloaded assembly
- Completed reload, in  0.923 seconds
Platform modules already initialized, skipping
Shader 'Universal Render Pipeline/Particles/Lit': fallback shader 'Universal Render Pipeline/Particles/SimpleLit' not found
Refreshing native plugins compatible for Editor in 1.63 ms, found 0 plugins.
Preloading 0 native plugins for Editor in 0.00 ms.
Unloading 3324 Unused Serialized files (Serialized files now loaded: 0)
System memory in use before: 173.4 MB.
System memory in use after: 173.6 MB.

Unloading 50 unused Assets to reduce memory usage. Loaded Objects now: 3899.
Total: 4.906600 ms (FindLiveObjects: 0.288000 ms CreateObjectMapping: 0.094700 ms MarkObjects: 4.480700 ms  DeleteObjects: 0.042100 ms)

========================================================================
Received Import Request.
  Time since last request: 22.160603 seconds.
  path: Assets/Game/UI/Inventory Canvas.prefab
  artifactKey: Guid(07dc30b6f1bbb4147acd5fd5555a18f5) Importer(815301076,1909f56bfc062723c751e8b465ee728b)
Start importing Assets/Game/UI/Inventory Canvas.prefab using Guid(07dc30b6f1bbb4147acd5fd5555a18f5) Importer(815301076,1909f56bfc062723c751e8b465ee728b)  -> (artifact id: 'cd57e3d83d5c9b491a8f35bebfabfd26') in 0.211720 seconds
  Import took 0.220300 seconds .

========================================================================
Received Import Request.
  Time since last request: 3.083027 seconds.
  path: Assets/Game/UI/Inventory Canvas.prefab
  artifactKey: Guid(07dc30b6f1bbb4147acd5fd5555a18f5) Importer(815301076,1909f56bfc062723c751e8b465ee728b)
Start importing Assets/Game/UI/Inventory Canvas.prefab using Guid(07dc30b6f1bbb4147acd5fd5555a18f5) Importer(815301076,1909f56bfc062723c751e8b465ee728b)  -> (artifact id: '8c8963a3b8d3715a09b63326d70cbe0d') in 0.056718 seconds
  Import took 0.064929 seconds .

========================================================================
Received Import Request.
  Time since last request: 8.118227 seconds.
  path: Assets/Game/UI/Inventory Canvas.prefab
  artifactKey: Guid(07dc30b6f1bbb4147acd5fd5555a18f5) Importer(815301076,1909f56bfc062723c751e8b465ee728b)
Start importing Assets/Game/UI/Inventory Canvas.prefab using Guid(07dc30b6f1bbb4147acd5fd5555a18f5) Importer(815301076,1909f56bfc062723c751e8b465ee728b)  -> (artifact id: '5be65cde969737b468ea3aaae69c669d') in 0.062332 seconds
  Import took 0.070635 seconds .

========================================================================
Received Import Request.
  Time since last request: 6.848141 seconds.
  path: Assets/Game/UI/Inventory Canvas.prefab
  artifactKey: Guid(07dc30b6f1bbb4147acd5fd5555a18f5) Importer(815301076,1909f56bfc062723c751e8b465ee728b)
Start importing Assets/Game/UI/Inventory Canvas.prefab using Guid(07dc30b6f1bbb4147acd5fd5555a18f5) Importer(815301076,1909f56bfc062723c751e8b465ee728b)  -> (artifact id: 'f57a0d9f9ce5e75c1d675932777e0bb9') in 0.057578 seconds
  Import took 0.066238 seconds .

========================================================================
Received Import Request.
  Time since last request: 6.152603 seconds.
  path: Assets/Game/UI/Inventory Canvas.prefab
  artifactKey: Guid(07dc30b6f1bbb4147acd5fd5555a18f5) Importer(815301076,1909f56bfc062723c751e8b465ee728b)
Start importing Assets/Game/UI/Inventory Canvas.prefab using Guid(07dc30b6f1bbb4147acd5fd5555a18f5) Importer(815301076,1909f56bfc062723c751e8b465ee728b)  -> (artifact id: '4758ae76005ff761f572e85b3c077219') in 0.060358 seconds
  Import took 0.068364 seconds .

========================================================================
Received Import Request.
  Time since last request: 3.841044 seconds.
  path: Assets/Game/UI/Inventory Canvas.prefab
  artifactKey: Guid(07dc30b6f1bbb4147acd5fd5555a18f5) Importer(815301076,1909f56bfc062723c751e8b465ee728b)
Start importing Assets/Game/UI/Inventory Canvas.prefab using Guid(07dc30b6f1bbb4147acd5fd5555a18f5) Importer(815301076,1909f56bfc062723c751e8b465ee728b)  -> (artifact id: '604716e0e0577bb3d7f745dc0ff774cb') in 0.058001 seconds
  Import took 0.066194 seconds .

========================================================================
Received Import Request.
  Time since last request: 3.402701 seconds.
  path: Assets/Game/UI/Inventory Canvas.prefab
  artifactKey: Guid(07dc30b6f1bbb4147acd5fd5555a18f5) Importer(815301076,1909f56bfc062723c751e8b465ee728b)
Start importing Assets/Game/UI/Inventory Canvas.prefab using Guid(07dc30b6f1bbb4147acd5fd5555a18f5) Importer(815301076,1909f56bfc062723c751e8b465ee728b)  -> (artifact id: 'b555eac364b7934a3090e02431c4f20a') in 0.060720 seconds
  Import took 0.069737 seconds .

========================================================================
Received Import Request.
  Time since last request: 10.273158 seconds.
  path: Assets/Game/UI/Inventory Canvas.prefab
  artifactKey: Guid(07dc30b6f1bbb4147acd5fd5555a18f5) Importer(815301076,1909f56bfc062723c751e8b465ee728b)
Start importing Assets/Game/UI/Inventory Canvas.prefab using Guid(07dc30b6f1bbb4147acd5fd5555a18f5) Importer(815301076,1909f56bfc062723c751e8b465ee728b)  -> (artifact id: '78793276ac710b194bf5e5cdade4aa2e') in 0.058069 seconds
  Import took 0.065909 seconds .

========================================================================
Received Prepare
Registering precompiled user dll's ...
Registered in 0.005808 seconds.
Begin MonoManager ReloadAssembly
Native extension for WindowsStandalone target not found
Native extension for WebGL target not found
Refreshing native plugins compatible for Editor in 1.70 ms, found 0 plugins.
Preloading 0 native plugins for Editor in 0.00 ms.
Mono: successfully reloaded assembly
- Completed reload, in  0.850 seconds
Platform modules already initialized, skipping
Shader 'Universal Render Pipeline/Particles/Lit': fallback shader 'Universal Render Pipeline/Particles/SimpleLit' not found
Refreshing native plugins compatible for Editor in 1.83 ms, found 0 plugins.
Preloading 0 native plugins for Editor in 0.00 ms.
Unloading 3324 Unused Serialized files (Serialized files now loaded: 0)
System memory in use before: 173.4 MB.
System memory in use after: 173.7 MB.

Unloading 50 unused Assets to reduce memory usage. Loaded Objects now: 3902.
Total: 4.877800 ms (FindLiveObjects: 0.411800 ms CreateObjectMapping: 0.076800 ms MarkObjects: 4.356500 ms  DeleteObjects: 0.031800 ms)

========================================================================
Received Import Request.
  Time since last request: 41.524282 seconds.
  path: Assets/Game/UI/Inventory Canvas.prefab
  artifactKey: Guid(07dc30b6f1bbb4147acd5fd5555a18f5) Importer(815301076,1909f56bfc062723c751e8b465ee728b)
Start importing Assets/Game/UI/Inventory Canvas.prefab using Guid(07dc30b6f1bbb4147acd5fd5555a18f5) Importer(815301076,1909f56bfc062723c751e8b465ee728b)  -> (artifact id: '8fc535fb7b0f6fa65da41cd5d2d3175a') in 0.197910 seconds
  Import took 0.206508 seconds .

========================================================================
Received Prepare
Registering precompiled user dll's ...
Registered in 0.005031 seconds.
Begin MonoManager ReloadAssembly
Native extension for WindowsStandalone target not found
Native extension for WebGL target not found
Refreshing native plugins compatible for Editor in 1.97 ms, found 0 plugins.
Preloading 0 native plugins for Editor in 0.00 ms.
Mono: successfully reloaded assembly
- Completed reload, in  0.973 seconds
Platform modules already initialized, skipping
Shader 'Universal Render Pipeline/Particles/Lit': fallback shader 'Universal Render Pipeline/Particles/SimpleLit' not found
Refreshing native plugins compatible for Editor in 1.63 ms, found 0 plugins.
Preloading 0 native plugins for Editor in 0.00 ms.
Unloading 3324 Unused Serialized files (Serialized files now loaded: 0)
System memory in use before: 173.5 MB.
System memory in use after: 173.7 MB.

Unloading 50 unused Assets to reduce memory usage. Loaded Objects now: 3905.
Total: 4.824800 ms (FindLiveObjects: 0.321800 ms CreateObjectMapping: 0.081600 ms MarkObjects: 4.385800 ms  DeleteObjects: 0.034600 ms)

========================================================================
Received Import Request.
  Time since last request: 76.074513 seconds.
  path: Assets/Game/UI/Inventory Canvas.prefab
  artifactKey: Guid(07dc30b6f1bbb4147acd5fd5555a18f5) Importer(815301076,1909f56bfc062723c751e8b465ee728b)
Start importing Assets/Game/UI/Inventory Canvas.prefab using Guid(07dc30b6f1bbb4147acd5fd5555a18f5) Importer(815301076,1909f56bfc062723c751e8b465ee728b)  -> (artifact id: 'af85b2b24b7c315cb212771ebee6d36f') in 0.238947 seconds
  Import took 0.248164 seconds .

========================================================================
Received Import Request.
  Time since last request: 0.000192 seconds.
  path: Assets/Game/UI/Shop UI.prefab
  artifactKey: Guid(30bdc5472715edc429a3d712db2a9330) Importer(815301076,1909f56bfc062723c751e8b465ee728b)
Start importing Assets/Game/UI/Shop UI.prefab using Guid(30bdc5472715edc429a3d712db2a9330) Importer(815301076,1909f56bfc062723c751e8b465ee728b)  -> (artifact id: '4a405e4b99cee508a4b6531298c9da24') in 0.030583 seconds
  Import took 0.037266 seconds .

========================================================================
Received Import Request.
  Time since last request: 11.687575 seconds.
  path: Assets/Game/UI/Inventory Canvas.prefab
  artifactKey: Guid(07dc30b6f1bbb4147acd5fd5555a18f5) Importer(815301076,1909f56bfc062723c751e8b465ee728b)
Start importing Assets/Game/UI/Inventory Canvas.prefab using Guid(07dc30b6f1bbb4147acd5fd5555a18f5) Importer(815301076,1909f56bfc062723c751e8b465ee728b)  -> (artifact id: '56bbb994b60c150c575e633a7255e546') in 0.082376 seconds
  Import took 0.091677 seconds .

========================================================================
Received Import Request.
  Time since last request: 0.000206 seconds.
  path: Assets/Game/UI/Shop UI.prefab
  artifactKey: Guid(30bdc5472715edc429a3d712db2a9330) Importer(815301076,1909f56bfc062723c751e8b465ee728b)
Start importing Assets/Game/UI/Shop UI.prefab using Guid(30bdc5472715edc429a3d712db2a9330) Importer(815301076,1909f56bfc062723c751e8b465ee728b)  -> (artifact id: '0d8586d4efb53b2611940e471d7e169d') in 0.040932 seconds
  Import took 0.048560 seconds .

========================================================================
Received Import Request.
  Time since last request: 4.288759 seconds.
  path: Assets/Game/UI/Inventory Canvas.prefab
  artifactKey: Guid(07dc30b6f1bbb4147acd5fd5555a18f5) Importer(815301076,1909f56bfc062723c751e8b465ee728b)
Start importing Assets/Game/UI/Inventory Canvas.prefab using Guid(07dc30b6f1bbb4147acd5fd5555a18f5) Importer(815301076,1909f56bfc062723c751e8b465ee728b)  -> (artifact id: 'd56fe8a60d4d7a2f83b44d1ae99ae3a0') in 0.079022 seconds
  Import took 0.089156 seconds .

========================================================================
Received Import Request.
  Time since last request: 0.000282 seconds.
  path: Assets/Game/UI/Shop UI.prefab
  artifactKey: Guid(30bdc5472715edc429a3d712db2a9330) Importer(815301076,1909f56bfc062723c751e8b465ee728b)
Start importing Assets/Game/UI/Shop UI.prefab using Guid(30bdc5472715edc429a3d712db2a9330) Importer(815301076,1909f56bfc062723c751e8b465ee728b)  -> (artifact id: '94b014121a591fd304ee1b25d4f7cb47') in 0.035901 seconds
  Import took 0.044077 seconds .

========================================================================
Received Import Request.
  Time since last request: 271.984440 seconds.
  path: Assets/Game/Quests/Resources/Brewing Trouble.asset
  artifactKey: Guid(d2d4aa7075827884abad7c5be27beb82) Importer(815301076,1909f56bfc062723c751e8b465ee728b)
Start importing Assets/Game/Quests/Resources/Brewing Trouble.asset using Guid(d2d4aa7075827884abad7c5be27beb82) Importer(815301076,1909f56bfc062723c751e8b465ee728b)  -> (artifact id: 'd68e497ff2d59a649ce803fea7faab3e') in 0.009082 seconds
  Import took 0.015477 seconds .

========================================================================
Received Import Request.
  Time since last request: 0.003160 seconds.
  path: Assets/Game/Quests/Resources/Brewing Trouble.asset
  artifactKey: Guid(d2d4aa7075827884abad7c5be27beb82) Importer(815301076,1909f56bfc062723c751e8b465ee728b)
Start importing Assets/Game/Quests/Resources/Brewing Trouble.asset using Guid(d2d4aa7075827884abad7c5be27beb82) Importer(815301076,1909f56bfc062723c751e8b465ee728b)  -> (artifact id: 'd68e497ff2d59a649ce803fea7faab3e') in 0.002528 seconds
  Import took 0.007470 seconds .

========================================================================
Received Import Request.
  Time since last request: 349.183854 seconds.
  path: Assets/Game/Dialogue/Watto Dialogue.asset
  artifactKey: Guid(cde01047e2f2d744b98ac47b653ae09b) Importer(815301076,1909f56bfc062723c751e8b465ee728b)
Start importing Assets/Game/Dialogue/Watto Dialogue.asset using Guid(cde01047e2f2d744b98ac47b653ae09b) Importer(815301076,1909f56bfc062723c751e8b465ee728b) NullReferenceException: Object reference not set to an instance of an object
  at RPG.Dialogue.Dialogue.OnValidate () [0x00020] in C:\Users\fults\Desktop\UNITY\RPG Project - Copy\Assets\Scripts\Dialogue\Dialogue.cs:24 

(Filename: Assets/Scripts/Dialogue/Dialogue.cs Line: 24)

 -> (artifact id: '76d3a8ec2ad90f707f155ebcfd73e989') in 0.011749 seconds
  Import took 0.018746 seconds .

========================================================================
Received Import Request.
  Time since last request: 0.002499 seconds.
  path: Assets/Game/Dialogue/Watto Dialogue.asset
  artifactKey: Guid(cde01047e2f2d744b98ac47b653ae09b) Importer(815301076,1909f56bfc062723c751e8b465ee728b)
Start importing Assets/Game/Dialogue/Watto Dialogue.asset using Guid(cde01047e2f2d744b98ac47b653ae09b) Importer(815301076,1909f56bfc062723c751e8b465ee728b) NullReferenceException: Object reference not set to an instance of an object
  at RPG.Dialogue.Dialogue.OnValidate () [0x00020] in C:\Users\fults\Desktop\UNITY\RPG Project - Copy\Assets\Scripts\Dialogue\Dialogue.cs:24 

(Filename: Assets/Scripts/Dialogue/Dialogue.cs Line: 24)

 -> (artifact id: '76d3a8ec2ad90f707f155ebcfd73e989') in 0.002561 seconds
  Import took 0.007393 seconds .

========================================================================
Received Prepare
Registering precompiled user dll's ...
Registered in 0.004929 seconds.
Begin MonoManager ReloadAssembly
Native extension for WindowsStandalone target not found
Native extension for WebGL target not found
Refreshing native plugins compatible for Editor in 1.73 ms, found 0 plugins.
Preloading 0 native plugins for Editor in 0.00 ms.
Mono: successfully reloaded assembly
- Completed reload, in  0.875 seconds
Platform modules already initialized, skipping
Shader 'Universal Render Pipeline/Particles/Lit': fallback shader 'Universal Render Pipeline/Particles/SimpleLit' not found
Refreshing native plugins compatible for Editor in 1.63 ms, found 0 plugins.
Preloading 0 native plugins for Editor in 0.00 ms.
Unloading 3324 Unused Serialized files (Serialized files now loaded: 0)
System memory in use before: 173.6 MB.
System memory in use after: 173.9 MB.

Unloading 50 unused Assets to reduce memory usage. Loaded Objects now: 3908.
Total: 4.824500 ms (FindLiveObjects: 0.345300 ms CreateObjectMapping: 0.081600 ms MarkObjects: 4.362200 ms  DeleteObjects: 0.034700 ms)

========================================================================
Received Import Request.
  Time since last request: 380.914791 seconds.
  path: Assets/Game/Dialogue/Watto Dialogue.asset
  artifactKey: Guid(cde01047e2f2d744b98ac47b653ae09b) Importer(815301076,1909f56bfc062723c751e8b465ee728b)
Start importing Assets/Game/Dialogue/Watto Dialogue.asset using Guid(cde01047e2f2d744b98ac47b653ae09b) Importer(815301076,1909f56bfc062723c751e8b465ee728b)  -> (artifact id: '5474753c821778aaeed83074a2ddb96c') in 0.083160 seconds
  Import took 0.089882 seconds .

========================================================================
Received Import Request.
  Time since last request: 52.777951 seconds.
  path: Assets/Game/Quests/Resources/Brewing Trouble.asset
  artifactKey: Guid(d2d4aa7075827884abad7c5be27beb82) Importer(815301076,1909f56bfc062723c751e8b465ee728b)
Start importing Assets/Game/Quests/Resources/Brewing Trouble.asset using Guid(d2d4aa7075827884abad7c5be27beb82) Importer(815301076,1909f56bfc062723c751e8b465ee728b)  -> (artifact id: '4ca6de2ab9a80c010c0c52138f93516a') in 0.007382 seconds
  Import took 0.012959 seconds .

========================================================================
Received Prepare
Registering precompiled user dll's ...
Registered in 0.006183 seconds.
Begin MonoManager ReloadAssembly
Native extension for WindowsStandalone target not found
Native extension for WebGL target not found
Refreshing native plugins compatible for Editor in 2.25 ms, found 0 plugins.
Preloading 0 native plugins for Editor in 0.00 ms.
Mono: successfully reloaded assembly
- Completed reload, in  1.043 seconds
Platform modules already initialized, skipping
Shader 'Universal Render Pipeline/Particles/Lit': fallback shader 'Universal Render Pipeline/Particles/SimpleLit' not found
Refreshing native plugins compatible for Editor in 1.99 ms, found 0 plugins.
Preloading 0 native plugins for Editor in 0.00 ms.
Unloading 3324 Unused Serialized files (Serialized files now loaded: 0)
System memory in use before: 173.6 MB.
System memory in use after: 173.9 MB.

Unloading 46 unused Assets to reduce memory usage. Loaded Objects now: 3911.
Total: 5.300000 ms (FindLiveObjects: 0.352800 ms CreateObjectMapping: 0.081700 ms MarkObjects: 4.836100 ms  DeleteObjects: 0.027700 ms)

========================================================================
Received Import Request.
  Time since last request: 257.657602 seconds.
  path: Assets/Game/UI/Inventory Canvas.prefab
  artifactKey: Guid(07dc30b6f1bbb4147acd5fd5555a18f5) Importer(815301076,1909f56bfc062723c751e8b465ee728b)
Start importing Assets/Game/UI/Inventory Canvas.prefab using Guid(07dc30b6f1bbb4147acd5fd5555a18f5) Importer(815301076,1909f56bfc062723c751e8b465ee728b)  -> (artifact id: 'db010f2a6da9db0e41cfbbd8949742ef') in 0.226296 seconds
  Import took 0.236367 seconds .

========================================================================
Received Prepare
Registering precompiled user dll's ...
Registered in 0.005338 seconds.
Begin MonoManager ReloadAssembly
Native extension for WindowsStandalone target not found
Native extension for WebGL target not found
Refreshing native plugins compatible for Editor in 1.67 ms, found 0 plugins.
Preloading 0 native plugins for Editor in 0.00 ms.
Mono: successfully reloaded assembly
- Completed reload, in  0.854 seconds
Platform modules already initialized, skipping
Shader 'Universal Render Pipeline/Particles/Lit': fallback shader 'Universal Render Pipeline/Particles/SimpleLit' not found
Refreshing native plugins compatible for Editor in 2.22 ms, found 0 plugins.
Preloading 0 native plugins for Editor in 0.00 ms.
Unloading 3324 Unused Serialized files (Serialized files now loaded: 0)
System memory in use before: 173.7 MB.
System memory in use after: 173.9 MB.

Unloading 50 unused Assets to reduce memory usage. Loaded Objects now: 3914.
Total: 9.686900 ms (FindLiveObjects: 0.667700 ms CreateObjectMapping: 0.183900 ms MarkObjects: 8.771400 ms  DeleteObjects: 0.062400 ms)

========================================================================
Received Import Request.
  Time since last request: 34.226444 seconds.
  path: Assets/Game/UI/Inventory Canvas.prefab
  artifactKey: Guid(07dc30b6f1bbb4147acd5fd5555a18f5) Importer(815301076,1909f56bfc062723c751e8b465ee728b)
Start importing Assets/Game/UI/Inventory Canvas.prefab using Guid(07dc30b6f1bbb4147acd5fd5555a18f5) Importer(815301076,1909f56bfc062723c751e8b465ee728b)  -> (artifact id: 'e9d3620a43dcb0de4c69c0af2a76de64') in 0.184145 seconds
  Import took 0.195856 seconds .

========================================================================
Received Prepare
Registering precompiled user dll's ...
Registered in 0.006217 seconds.
Begin MonoManager ReloadAssembly
Native extension for WindowsStandalone target not found
Native extension for WebGL target not found
Refreshing native plugins compatible for Editor in 2.23 ms, found 0 plugins.
Preloading 0 native plugins for Editor in 0.00 ms.
Mono: successfully reloaded assembly
- Completed reload, in  0.992 seconds
Platform modules already initialized, skipping
Shader 'Universal Render Pipeline/Particles/Lit': fallback shader 'Universal Render Pipeline/Particles/SimpleLit' not found
Refreshing native plugins compatible for Editor in 1.68 ms, found 0 plugins.
Preloading 0 native plugins for Editor in 0.00 ms.
Unloading 3324 Unused Serialized files (Serialized files now loaded: 0)
System memory in use before: 173.7 MB.
System memory in use after: 173.9 MB.

Unloading 50 unused Assets to reduce memory usage. Loaded Objects now: 3917.
Total: 5.304600 ms (FindLiveObjects: 0.413500 ms CreateObjectMapping: 0.088400 ms MarkObjects: 4.759300 ms  DeleteObjects: 0.042400 ms)

========================================================================
Received Import Request.
  Time since last request: 46.313081 seconds.
  path: Assets/Game/UI/Inventory Canvas.prefab
  artifactKey: Guid(07dc30b6f1bbb4147acd5fd5555a18f5) Importer(815301076,1909f56bfc062723c751e8b465ee728b)
Start importing Assets/Game/UI/Inventory Canvas.prefab using Guid(07dc30b6f1bbb4147acd5fd5555a18f5) Importer(815301076,1909f56bfc062723c751e8b465ee728b)  -> (artifact id: 'f2edfff827b62991f10b5d9f008c8c85') in 0.129695 seconds
  Import took 0.138549 seconds .

========================================================================
Received Import Request.
  Time since last request: 4.552324 seconds.
  path: Assets/Game/UI/Inventory Canvas.prefab
  artifactKey: Guid(07dc30b6f1bbb4147acd5fd5555a18f5) Importer(815301076,1909f56bfc062723c751e8b465ee728b)
Start importing Assets/Game/UI/Inventory Canvas.prefab using Guid(07dc30b6f1bbb4147acd5fd5555a18f5) Importer(815301076,1909f56bfc062723c751e8b465ee728b)  -> (artifact id: '0da00784df41d2245478e08e77097f50') in 0.059210 seconds
  Import took 0.067468 seconds .

========================================================================
Received Prepare
Registering precompiled user dll's ...
Registered in 0.004776 seconds.
Begin MonoManager ReloadAssembly
Native extension for WindowsStandalone target not found
Native extension for WebGL target not found
Refreshing native plugins compatible for Editor in 1.67 ms, found 0 plugins.
Preloading 0 native plugins for Editor in 0.00 ms.
Mono: successfully reloaded assembly
- Completed reload, in  0.882 seconds
Platform modules already initialized, skipping
Shader 'Universal Render Pipeline/Particles/Lit': fallback shader 'Universal Render Pipeline/Particles/SimpleLit' not found
Refreshing native plugins compatible for Editor in 1.78 ms, found 0 plugins.
Preloading 0 native plugins for Editor in 0.00 ms.
Unloading 3324 Unused Serialized files (Serialized files now loaded: 0)
System memory in use before: 173.7 MB.
System memory in use after: 173.9 MB.

Unloading 50 unused Assets to reduce memory usage. Loaded Objects now: 3920.
Total: 5.518300 ms (FindLiveObjects: 0.401800 ms CreateObjectMapping: 0.099900 ms MarkObjects: 4.970000 ms  DeleteObjects: 0.044900 ms)

========================================================================
Received Import Request.
  Time since last request: 24.552666 seconds.
  path: Assets/Game/UI/Inventory Canvas.prefab
  artifactKey: Guid(07dc30b6f1bbb4147acd5fd5555a18f5) Importer(815301076,1909f56bfc062723c751e8b465ee728b)
Start importing Assets/Game/UI/Inventory Canvas.prefab using Guid(07dc30b6f1bbb4147acd5fd5555a18f5) Importer(815301076,1909f56bfc062723c751e8b465ee728b)  -> (artifact id: '6f7f26675d26cf64052e3d0415da15dd') in 0.176666 seconds
  Import took 0.185585 seconds .

========================================================================
Received Prepare
Registering precompiled user dll's ...
Registered in 0.005242 seconds.
Begin MonoManager ReloadAssembly
Native extension for WindowsStandalone target not found
Native extension for WebGL target not found
Refreshing native plugins compatible for Editor in 1.72 ms, found 0 plugins.
Preloading 0 native plugins for Editor in 0.00 ms.
Mono: successfully reloaded assembly
- Completed reload, in  0.889 seconds
Platform modules already initialized, skipping
Shader 'Universal Render Pipeline/Particles/Lit': fallback shader 'Universal Render Pipeline/Particles/SimpleLit' not found
Refreshing native plugins compatible for Editor in 1.96 ms, found 0 plugins.
Preloading 0 native plugins for Editor in 0.00 ms.
Unloading 3324 Unused Serialized files (Serialized files now loaded: 0)
System memory in use before: 173.7 MB.
System memory in use after: 174.0 MB.

Unloading 50 unused Assets to reduce memory usage. Loaded Objects now: 3923.
Total: 5.321000 ms (FindLiveObjects: 0.316900 ms CreateObjectMapping: 0.084200 ms MarkObjects: 4.881700 ms  DeleteObjects: 0.037300 ms)

========================================================================
Received Prepare
Registering precompiled user dll's ...
Registered in 0.005106 seconds.
Begin MonoManager ReloadAssembly
Native extension for WindowsStandalone target not found
Native extension for WebGL target not found
Refreshing native plugins compatible for Editor in 2.02 ms, found 0 plugins.
Preloading 0 native plugins for Editor in 0.00 ms.
Mono: successfully reloaded assembly
- Completed reload, in  0.861 seconds
Platform modules already initialized, skipping
Shader 'Universal Render Pipeline/Particles/Lit': fallback shader 'Universal Render Pipeline/Particles/SimpleLit' not found
Refreshing native plugins compatible for Editor in 2.76 ms, found 0 plugins.
Preloading 0 native plugins for Editor in 0.00 ms.
Unloading 3324 Unused Serialized files (Serialized files now loaded: 0)
System memory in use before: 173.7 MB.
System memory in use after: 174.0 MB.

Unloading 46 unused Assets to reduce memory usage. Loaded Objects now: 3926.
Total: 7.402800 ms (FindLiveObjects: 0.863400 ms CreateObjectMapping: 0.121600 ms MarkObjects: 6.379600 ms  DeleteObjects: 0.036600 ms)

========================================================================
Received Import Request.
  Time since last request: 30.517323 seconds.
  path: Assets/Game/UI/Inventory Canvas.prefab
  artifactKey: Guid(07dc30b6f1bbb4147acd5fd5555a18f5) Importer(815301076,1909f56bfc062723c751e8b465ee728b)
Start importing Assets/Game/UI/Inventory Canvas.prefab using Guid(07dc30b6f1bbb4147acd5fd5555a18f5) Importer(815301076,1909f56bfc062723c751e8b465ee728b)  -> (artifact id: '8467f5cee3e19c542f1cf27fedd525bb') in 0.186141 seconds
  Import took 0.197164 seconds .

========================================================================
Received Prepare
Registering precompiled user dll's ...
Registered in 0.005508 seconds.
Begin MonoManager ReloadAssembly
Native extension for WindowsStandalone target not found
Native extension for WebGL target not found
Refreshing native plugins compatible for Editor in 2.77 ms, found 0 plugins.
Preloading 0 native plugins for Editor in 0.00 ms.
Mono: successfully reloaded assembly
- Completed reload, in  1.008 seconds
Platform modules already initialized, skipping
Shader 'Universal Render Pipeline/Particles/Lit': fallback shader 'Universal Render Pipeline/Particles/SimpleLit' not found
Refreshing native plugins compatible for Editor in 1.63 ms, found 0 plugins.
Preloading 0 native plugins for Editor in 0.00 ms.
Unloading 3324 Unused Serialized files (Serialized files now loaded: 0)
System memory in use before: 173.7 MB.
System memory in use after: 174.0 MB.

Unloading 50 unused Assets to reduce memory usage. Loaded Objects now: 3929.
Total: 5.514100 ms (FindLiveObjects: 0.394100 ms CreateObjectMapping: 0.086400 ms MarkObjects: 4.984500 ms  DeleteObjects: 0.047700 ms)

========================================================================
Received Import Request.
  Time since last request: 1298.012107 seconds.
  path: Assets/Game/UI/Inventory Canvas.prefab
  artifactKey: Guid(07dc30b6f1bbb4147acd5fd5555a18f5) Importer(815301076,1909f56bfc062723c751e8b465ee728b)
Start importing Assets/Game/UI/Inventory Canvas.prefab using Guid(07dc30b6f1bbb4147acd5fd5555a18f5) Importer(815301076,1909f56bfc062723c751e8b465ee728b)  -> (artifact id: 'ab571e39f076bfec0136a09b21dafb86') in 0.188801 seconds
  Import took 0.197769 seconds .

========================================================================
Received Import Request.
  Time since last request: 5.303644 seconds.
  path: Assets/Game/UI/Inventory Canvas.prefab
  artifactKey: Guid(07dc30b6f1bbb4147acd5fd5555a18f5) Importer(815301076,1909f56bfc062723c751e8b465ee728b)
Start importing Assets/Game/UI/Inventory Canvas.prefab using Guid(07dc30b6f1bbb4147acd5fd5555a18f5) Importer(815301076,1909f56bfc062723c751e8b465ee728b)  -> (artifact id: '8f95d325c2552053f625c85b28326479') in 0.059864 seconds
  Import took 0.068275 seconds .

========================================================================
Received Import Request.
  Time since last request: 10.582978 seconds.
  path: Assets/Game/UI/Inventory Canvas.prefab
  artifactKey: Guid(07dc30b6f1bbb4147acd5fd5555a18f5) Importer(815301076,1909f56bfc062723c751e8b465ee728b)
Start importing Assets/Game/UI/Inventory Canvas.prefab using Guid(07dc30b6f1bbb4147acd5fd5555a18f5) Importer(815301076,1909f56bfc062723c751e8b465ee728b)  -> (artifact id: '29b5dcdfafd2f31ef142b7b2a7c154cb') in 0.058558 seconds
  Import took 0.066379 seconds .

========================================================================
Received Import Request.
  Time since last request: 3.042258 seconds.
  path: Assets/Game/UI/Inventory Canvas.prefab
  artifactKey: Guid(07dc30b6f1bbb4147acd5fd5555a18f5) Importer(815301076,1909f56bfc062723c751e8b465ee728b)
Start importing Assets/Game/UI/Inventory Canvas.prefab using Guid(07dc30b6f1bbb4147acd5fd5555a18f5) Importer(815301076,1909f56bfc062723c751e8b465ee728b)  -> (artifact id: '9cd2b2560ced2fdcc906b75bdc812b00') in 0.058674 seconds
  Import took 0.067004 seconds .

========================================================================
Received Prepare
Registering precompiled user dll's ...
Registered in 0.005306 seconds.
Begin MonoManager ReloadAssembly
Native extension for WindowsStandalone target not found
Native extension for WebGL target not found
Refreshing native plugins compatible for Editor in 1.68 ms, found 0 plugins.
Preloading 0 native plugins for Editor in 0.00 ms.
Mono: successfully reloaded assembly
- Completed reload, in  0.858 seconds
Platform modules already initialized, skipping
Shader 'Universal Render Pipeline/Particles/Lit': fallback shader 'Universal Render Pipeline/Particles/SimpleLit' not found
Refreshing native plugins compatible for Editor in 1.63 ms, found 0 plugins.
Preloading 0 native plugins for Editor in 0.00 ms.
Unloading 3324 Unused Serialized files (Serialized files now loaded: 0)
System memory in use before: 173.8 MB.
System memory in use after: 174.0 MB.

Unloading 50 unused Assets to reduce memory usage. Loaded Objects now: 3932.
Total: 4.932000 ms (FindLiveObjects: 0.317000 ms CreateObjectMapping: 0.081800 ms MarkObjects: 4.498100 ms  DeleteObjects: 0.034200 ms)

========================================================================
Received Import Request.
  Time since last request: 48.046206 seconds.
  path: Assets/Game/UI/Inventory Canvas.prefab
  artifactKey: Guid(07dc30b6f1bbb4147acd5fd5555a18f5) Importer(815301076,1909f56bfc062723c751e8b465ee728b)
Start importing Assets/Game/UI/Inventory Canvas.prefab using Guid(07dc30b6f1bbb4147acd5fd5555a18f5) Importer(815301076,1909f56bfc062723c751e8b465ee728b)  -> (artifact id: 'ef0368b0d7511eef2b97c01cf94e1a51') in 0.179952 seconds
  Import took 0.188458 seconds .

========================================================================
Received Prepare
Registering precompiled user dll's ...
Registered in 0.005300 seconds.
Begin MonoManager ReloadAssembly
Native extension for WindowsStandalone target not found
Native extension for WebGL target not found
Refreshing native plugins compatible for Editor in 2.38 ms, found 0 plugins.
Preloading 0 native plugins for Editor in 0.00 ms.
Mono: successfully reloaded assembly
- Completed reload, in  0.875 seconds
Platform modules already initialized, skipping
Shader 'Universal Render Pipeline/Particles/Lit': fallback shader 'Universal Render Pipeline/Particles/SimpleLit' not found
Refreshing native plugins compatible for Editor in 1.69 ms, found 0 plugins.
Preloading 0 native plugins for Editor in 0.00 ms.
Unloading 3324 Unused Serialized files (Serialized files now loaded: 0)
System memory in use before: 173.8 MB.
System memory in use after: 174.0 MB.

Unloading 50 unused Assets to reduce memory usage. Loaded Objects now: 3935.
Total: 5.682100 ms (FindLiveObjects: 0.306500 ms CreateObjectMapping: 0.084900 ms MarkObjects: 5.247400 ms  DeleteObjects: 0.042200 ms)

========================================================================
Received Import Request.
  Time since last request: 15.936941 seconds.
  path: Assets/Game/UI/Inventory Canvas.prefab
  artifactKey: Guid(07dc30b6f1bbb4147acd5fd5555a18f5) Importer(815301076,1909f56bfc062723c751e8b465ee728b)
Start importing Assets/Game/UI/Inventory Canvas.prefab using Guid(07dc30b6f1bbb4147acd5fd5555a18f5) Importer(815301076,1909f56bfc062723c751e8b465ee728b)  -> (artifact id: 'fddb611c72c31344b0eb0ddc88905175') in 0.185779 seconds
  Import took 0.194189 seconds .

========================================================================
Received Import Request.
  Time since last request: 8.434441 seconds.
  path: Assets/Game/UI/Inventory Canvas.prefab
  artifactKey: Guid(07dc30b6f1bbb4147acd5fd5555a18f5) Importer(815301076,1909f56bfc062723c751e8b465ee728b)
Start importing Assets/Game/UI/Inventory Canvas.prefab using Guid(07dc30b6f1bbb4147acd5fd5555a18f5) Importer(815301076,1909f56bfc062723c751e8b465ee728b)  -> (artifact id: '867b72a9284ede59181ae5c39599af4e') in 0.058165 seconds
  Import took 0.065638 seconds .

========================================================================
Received Import Request.
  Time since last request: 0.798145 seconds.
  path: Assets/Game/UI/Inventory Canvas.prefab
  artifactKey: Guid(07dc30b6f1bbb4147acd5fd5555a18f5) Importer(815301076,1909f56bfc062723c751e8b465ee728b)
Start importing Assets/Game/UI/Inventory Canvas.prefab using Guid(07dc30b6f1bbb4147acd5fd5555a18f5) Importer(815301076,1909f56bfc062723c751e8b465ee728b)  -> (artifact id: 'baa907ccb3b8cdef1a8f958a6a561556') in 0.060894 seconds
  Import took 0.069687 seconds .

========================================================================
Received Prepare
Registering precompiled user dll's ...
Registered in 0.005072 seconds.
Begin MonoManager ReloadAssembly
Native extension for WindowsStandalone target not found
Native extension for WebGL target not found
Refreshing native plugins compatible for Editor in 1.64 ms, found 0 plugins.
Preloading 0 native plugins for Editor in 0.00 ms.
Mono: successfully reloaded assembly
- Completed reload, in  0.841 seconds
Platform modules already initialized, skipping
Shader 'Universal Render Pipeline/Particles/Lit': fallback shader 'Universal Render Pipeline/Particles/SimpleLit' not found
Refreshing native plugins compatible for Editor in 1.68 ms, found 0 plugins.
Preloading 0 native plugins for Editor in 0.00 ms.
Unloading 3324 Unused Serialized files (Serialized files now loaded: 0)
System memory in use before: 173.8 MB.
System memory in use after: 174.0 MB.

Unloading 50 unused Assets to reduce memory usage. Loaded Objects now: 3938.
Total: 5.513000 ms (FindLiveObjects: 0.357500 ms CreateObjectMapping: 0.084200 ms MarkObjects: 5.035700 ms  DeleteObjects: 0.034500 ms)

========================================================================
Received Prepare
Registering precompiled user dll's ...
Registered in 0.004814 seconds.
Begin MonoManager ReloadAssembly
Native extension for WindowsStandalone target not found
Native extension for WebGL target not found
Refreshing native plugins compatible for Editor in 1.83 ms, found 0 plugins.
Preloading 0 native plugins for Editor in 0.00 ms.
Mono: successfully reloaded assembly
- Completed reload, in  0.862 seconds
Platform modules already initialized, skipping
Shader 'Universal Render Pipeline/Particles/Lit': fallback shader 'Universal Render Pipeline/Particles/SimpleLit' not found
Refreshing native plugins compatible for Editor in 1.65 ms, found 0 plugins.
Preloading 0 native plugins for Editor in 0.00 ms.
Unloading 3324 Unused Serialized files (Serialized files now loaded: 0)
System memory in use before: 173.8 MB.
System memory in use after: 174.0 MB.

Unloading 46 unused Assets to reduce memory usage. Loaded Objects now: 3941.
Total: 5.234900 ms (FindLiveObjects: 0.400900 ms CreateObjectMapping: 0.084700 ms MarkObjects: 4.723400 ms  DeleteObjects: 0.024200 ms)

========================================================================
Received Import Request.
  Time since last request: 70.945154 seconds.
  path: Assets/Game/UI/Inventory Canvas.prefab
  artifactKey: Guid(07dc30b6f1bbb4147acd5fd5555a18f5) Importer(815301076,1909f56bfc062723c751e8b465ee728b)
Start importing Assets/Game/UI/Inventory Canvas.prefab using Guid(07dc30b6f1bbb4147acd5fd5555a18f5) Importer(815301076,1909f56bfc062723c751e8b465ee728b)  -> (artifact id: 'cc1c28559c0149b03f66d51eba0e3350') in 0.180246 seconds
  Import took 0.188765 seconds .

========================================================================
Received Import Request.
  Time since last request: 6.680086 seconds.
  path: Assets/Game/UI/Inventory Canvas.prefab
  artifactKey: Guid(07dc30b6f1bbb4147acd5fd5555a18f5) Importer(815301076,1909f56bfc062723c751e8b465ee728b)
Start importing Assets/Game/UI/Inventory Canvas.prefab using Guid(07dc30b6f1bbb4147acd5fd5555a18f5) Importer(815301076,1909f56bfc062723c751e8b465ee728b)  -> (artifact id: '9dc05571cd56fbeee7d99432cbb0a8aa') in 0.059630 seconds
  Import took 0.067983 seconds .

========================================================================
Received Prepare
Registering precompiled user dll's ...
Registered in 0.004707 seconds.
Begin MonoManager ReloadAssembly
Native extension for WindowsStandalone target not found
Native extension for WebGL target not found
Refreshing native plugins compatible for Editor in 2.20 ms, found 0 plugins.
Preloading 0 native plugins for Editor in 0.00 ms.
Mono: successfully reloaded assembly
- Completed reload, in  0.872 seconds
Platform modules already initialized, skipping
Shader 'Universal Render Pipeline/Particles/Lit': fallback shader 'Universal Render Pipeline/Particles/SimpleLit' not found
Refreshing native plugins compatible for Editor in 1.80 ms, found 0 plugins.
Preloading 0 native plugins for Editor in 0.00 ms.
Unloading 3324 Unused Serialized files (Serialized files now loaded: 0)
System memory in use before: 173.8 MB.
System memory in use after: 174.0 MB.

Unloading 50 unused Assets to reduce memory usage. Loaded Objects now: 3944.
Total: 5.822400 ms (FindLiveObjects: 0.385600 ms CreateObjectMapping: 0.085400 ms MarkObjects: 5.305900 ms  DeleteObjects: 0.044400 ms)

========================================================================
Received Import Request.
  Time since last request: 25.205975 seconds.
  path: Assets/Game/UI/Inventory Canvas.prefab
  artifactKey: Guid(07dc30b6f1bbb4147acd5fd5555a18f5) Importer(815301076,1909f56bfc062723c751e8b465ee728b)
Start importing Assets/Game/UI/Inventory Canvas.prefab using Guid(07dc30b6f1bbb4147acd5fd5555a18f5) Importer(815301076,1909f56bfc062723c751e8b465ee728b)  -> (artifact id: 'df1bfdde87b6dc5b4e75c1510f3316f8') in 0.183396 seconds
  Import took 0.192077 seconds .

========================================================================
Received Prepare
Registering precompiled user dll's ...
Registered in 0.004866 seconds.
Begin MonoManager ReloadAssembly
Native extension for WindowsStandalone target not found
Native extension for WebGL target not found
Refreshing native plugins compatible for Editor in 1.65 ms, found 0 plugins.
Preloading 0 native plugins for Editor in 0.00 ms.
Mono: successfully reloaded assembly
- Completed reload, in  0.847 seconds
Platform modules already initialized, skipping
Shader 'Universal Render Pipeline/Particles/Lit': fallback shader 'Universal Render Pipeline/Particles/SimpleLit' not found
Refreshing native plugins compatible for Editor in 1.67 ms, found 0 plugins.
Preloading 0 native plugins for Editor in 0.00 ms.
Unloading 3324 Unused Serialized files (Serialized files now loaded: 0)
System memory in use before: 173.8 MB.
System memory in use after: 174.1 MB.

Unloading 50 unused Assets to reduce memory usage. Loaded Objects now: 3947.
Total: 5.219900 ms (FindLiveObjects: 0.296500 ms CreateObjectMapping: 0.098900 ms MarkObjects: 4.782700 ms  DeleteObjects: 0.040800 ms)

========================================================================
Received Import Request.
  Time since last request: 34.775301 seconds.
  path: Assets/Game/UI/Inventory Canvas.prefab
  artifactKey: Guid(07dc30b6f1bbb4147acd5fd5555a18f5) Importer(815301076,1909f56bfc062723c751e8b465ee728b)
Start importing Assets/Game/UI/Inventory Canvas.prefab using Guid(07dc30b6f1bbb4147acd5fd5555a18f5) Importer(815301076,1909f56bfc062723c751e8b465ee728b)  -> (artifact id: '1b23960063b366ca4934b7203a3e8cb9') in 0.164151 seconds
  Import took 0.172484 seconds .

========================================================================
Received Import Request.
  Time since last request: 6.987765 seconds.
  path: Assets/Game/UI/Inventory Canvas.prefab
  artifactKey: Guid(07dc30b6f1bbb4147acd5fd5555a18f5) Importer(815301076,1909f56bfc062723c751e8b465ee728b)
Start importing Assets/Game/UI/Inventory Canvas.prefab using Guid(07dc30b6f1bbb4147acd5fd5555a18f5) Importer(815301076,1909f56bfc062723c751e8b465ee728b)  -> (artifact id: 'f9f348be1ab2504740e467a6d4a03bb2') in 0.061317 seconds
  Import took 0.069577 seconds .

========================================================================
Received Import Request.
  Time since last request: 2.837129 seconds.
  path: Assets/Game/UI/Inventory Canvas.prefab
  artifactKey: Guid(07dc30b6f1bbb4147acd5fd5555a18f5) Importer(815301076,1909f56bfc062723c751e8b465ee728b)
Start importing Assets/Game/UI/Inventory Canvas.prefab using Guid(07dc30b6f1bbb4147acd5fd5555a18f5) Importer(815301076,1909f56bfc062723c751e8b465ee728b)  -> (artifact id: '447f58ffba417258a269fcb4c9fad240') in 0.067594 seconds
  Import took 0.075988 seconds .

========================================================================
Received Import Request.
  Time since last request: 2.571032 seconds.
  path: Assets/Game/UI/Inventory Canvas.prefab
  artifactKey: Guid(07dc30b6f1bbb4147acd5fd5555a18f5) Importer(815301076,1909f56bfc062723c751e8b465ee728b)
Start importing Assets/Game/UI/Inventory Canvas.prefab using Guid(07dc30b6f1bbb4147acd5fd5555a18f5) Importer(815301076,1909f56bfc062723c751e8b465ee728b)  -> (artifact id: 'ce65fda50cc3e98b26ffe10823f043ea') in 0.058028 seconds
  Import took 0.066324 seconds .

========================================================================
Received Import Request.
  Time since last request: 3.206392 seconds.
  path: Assets/Game/UI/Inventory Canvas.prefab
  artifactKey: Guid(07dc30b6f1bbb4147acd5fd5555a18f5) Importer(815301076,1909f56bfc062723c751e8b465ee728b)
Start importing Assets/Game/UI/Inventory Canvas.prefab using Guid(07dc30b6f1bbb4147acd5fd5555a18f5) Importer(815301076,1909f56bfc062723c751e8b465ee728b)  -> (artifact id: '636bb6f2d0328e1615c0f135cb8b1a0f') in 0.064029 seconds
  Import took 0.072908 seconds .

========================================================================
Received Prepare
Registering precompiled user dll's ...
Registered in 0.005542 seconds.
Begin MonoManager ReloadAssembly
Native extension for WindowsStandalone target not found
Native extension for WebGL target not found
Refreshing native plugins compatible for Editor in 1.75 ms, found 0 plugins.
Preloading 0 native plugins for Editor in 0.00 ms.
Mono: successfully reloaded assembly
- Completed reload, in  0.883 seconds
Platform modules already initialized, skipping
Shader 'Universal Render Pipeline/Particles/Lit': fallback shader 'Universal Render Pipeline/Particles/SimpleLit' not found
Refreshing native plugins compatible for Editor in 1.76 ms, found 0 plugins.
Preloading 0 native plugins for Editor in 0.00 ms.
Unloading 3324 Unused Serialized files (Serialized files now loaded: 0)
System memory in use before: 173.8 MB.
System memory in use after: 174.1 MB.

Unloading 50 unused Assets to reduce memory usage. Loaded Objects now: 3950.
Total: 5.681600 ms (FindLiveObjects: 0.285800 ms CreateObjectMapping: 0.094400 ms MarkObjects: 5.257600 ms  DeleteObjects: 0.042900 ms)

========================================================================
Received Prepare
Registering precompiled user dll's ...
Registered in 0.004693 seconds.
Begin MonoManager ReloadAssembly
Native extension for WindowsStandalone target not found
Native extension for WebGL target not found
Refreshing native plugins compatible for Editor in 1.67 ms, found 0 plugins.
Preloading 0 native plugins for Editor in 0.00 ms.
Mono: successfully reloaded assembly
- Completed reload, in  0.869 seconds
Platform modules already initialized, skipping
Shader 'Universal Render Pipeline/Particles/Lit': fallback shader 'Universal Render Pipeline/Particles/SimpleLit' not found
Refreshing native plugins compatible for Editor in 1.73 ms, found 0 plugins.
Preloading 0 native plugins for Editor in 0.00 ms.
Unloading 3324 Unused Serialized files (Serialized files now loaded: 0)
System memory in use before: 173.8 MB.
System memory in use after: 174.1 MB.

Unloading 46 unused Assets to reduce memory usage. Loaded Objects now: 3953.
Total: 5.234600 ms (FindLiveObjects: 0.346100 ms CreateObjectMapping: 0.089800 ms MarkObjects: 4.774200 ms  DeleteObjects: 0.023600 ms)

========================================================================
Received Import Request.
  Time since last request: 41.046574 seconds.
  path: Assets/Game/UI/Inventory Canvas.prefab
  artifactKey: Guid(07dc30b6f1bbb4147acd5fd5555a18f5) Importer(815301076,1909f56bfc062723c751e8b465ee728b)
Start importing Assets/Game/UI/Inventory Canvas.prefab using Guid(07dc30b6f1bbb4147acd5fd5555a18f5) Importer(815301076,1909f56bfc062723c751e8b465ee728b)  -> (artifact id: '5c27b19a00f09a5ca53e8d99f7283a5d') in 0.170153 seconds
  Import took 0.179034 seconds .

========================================================================
Received Prepare
Registering precompiled user dll's ...
Registered in 0.004982 seconds.
Begin MonoManager ReloadAssembly
Native extension for WindowsStandalone target not found
Native extension for WebGL target not found
Refreshing native plugins compatible for Editor in 1.81 ms, found 0 plugins.
Preloading 0 native plugins for Editor in 0.00 ms.
Mono: successfully reloaded assembly
- Completed reload, in  0.867 seconds
Platform modules already initialized, skipping
Shader 'Universal Render Pipeline/Particles/Lit': fallback shader 'Universal Render Pipeline/Particles/SimpleLit' not found
Refreshing native plugins compatible for Editor in 1.90 ms, found 0 plugins.
Preloading 0 native plugins for Editor in 0.00 ms.
Unloading 3324 Unused Serialized files (Serialized files now loaded: 0)
System memory in use before: 173.9 MB.
System memory in use after: 174.1 MB.

Unloading 50 unused Assets to reduce memory usage. Loaded Objects now: 3956.
Total: 5.532100 ms (FindLiveObjects: 0.358400 ms CreateObjectMapping: 0.084800 ms MarkObjects: 5.045400 ms  DeleteObjects: 0.041900 ms)

========================================================================
Received Import Request.
  Time since last request: 108.902096 seconds.
  path: Assets/Game/MiscInventoryItems/Gold.asset
  artifactKey: Guid(9317c535ac98b814aaba1d1211ab907c) Importer(815301076,1909f56bfc062723c751e8b465ee728b)
Start importing Assets/Game/MiscInventoryItems/Gold.asset using Guid(9317c535ac98b814aaba1d1211ab907c) Importer(815301076,1909f56bfc062723c751e8b465ee728b)  -> (artifact id: '9d17e07fcac2fea78473c5662262233a') in 0.019128 seconds
  Import took 0.025784 seconds .

========================================================================
Received Import Request.
  Time since last request: 0.001305 seconds.
  path: Assets/Game/MiscInventoryItems/Gold.asset
  artifactKey: Guid(9317c535ac98b814aaba1d1211ab907c) Importer(815301076,1909f56bfc062723c751e8b465ee728b)
Start importing Assets/Game/MiscInventoryItems/Gold.asset using Guid(9317c535ac98b814aaba1d1211ab907c) Importer(815301076,1909f56bfc062723c751e8b465ee728b)  -> (artifact id: '9d17e07fcac2fea78473c5662262233a') in 0.003261 seconds
  Import took 0.008185 seconds .

========================================================================
Received Prepare
Registering precompiled user dll's ...
Registered in 0.005005 seconds.
Begin MonoManager ReloadAssembly
Native extension for WindowsStandalone target not found
Native extension for WebGL target not found
Refreshing native plugins compatible for Editor in 2.25 ms, found 0 plugins.
Preloading 0 native plugins for Editor in 0.00 ms.
Mono: successfully reloaded assembly
- Completed reload, in  0.855 seconds
Platform modules already initialized, skipping
Shader 'Universal Render Pipeline/Particles/Lit': fallback shader 'Universal Render Pipeline/Particles/SimpleLit' not found
Refreshing native plugins compatible for Editor in 1.63 ms, found 0 plugins.
Preloading 0 native plugins for Editor in 0.00 ms.
Unloading 3325 Unused Serialized files (Serialized files now loaded: 0)
System memory in use before: 173.9 MB.
System memory in use after: 174.1 MB.

Unloading 46 unused Assets to reduce memory usage. Loaded Objects now: 3960.
Total: 5.128000 ms (FindLiveObjects: 0.311300 ms CreateObjectMapping: 0.075100 ms MarkObjects: 4.717300 ms  DeleteObjects: 0.023200 ms)

========================================================================
Received Import Request.
  Time since last request: 95.373348 seconds.
  path: Assets/Game/MiscInventoryItems/Experience.asset
  artifactKey: Guid(e181246d2368cf8488ab0c9a996cfc33) Importer(815301076,1909f56bfc062723c751e8b465ee728b)
Start importing Assets/Game/MiscInventoryItems/Experience.asset using Guid(e181246d2368cf8488ab0c9a996cfc33) Importer(815301076,1909f56bfc062723c751e8b465ee728b)  -> (artifact id: '8b460764b005540f45383c90f9ab3dae') in 0.069381 seconds
  Import took 0.076204 seconds .

========================================================================
Received Prepare
Registering precompiled user dll's ...
Registered in 0.004874 seconds.
Begin MonoManager ReloadAssembly
Native extension for WindowsStandalone target not found
Native extension for WebGL target not found
Refreshing native plugins compatible for Editor in 1.72 ms, found 0 plugins.
Preloading 0 native plugins for Editor in 0.00 ms.
Mono: successfully reloaded assembly
- Completed reload, in  0.848 seconds
Platform modules already initialized, skipping
Shader 'Universal Render Pipeline/Particles/Lit': fallback shader 'Universal Render Pipeline/Particles/SimpleLit' not found
Refreshing native plugins compatible for Editor in 2.03 ms, found 0 plugins.
Preloading 0 native plugins for Editor in 0.00 ms.
Unloading 3325 Unused Serialized files (Serialized files now loaded: 0)
System memory in use before: 173.9 MB.
System memory in use after: 174.1 MB.

Unloading 46 unused Assets to reduce memory usage. Loaded Objects now: 3963.
Total: 5.010600 ms (FindLiveObjects: 0.331100 ms CreateObjectMapping: 0.083000 ms MarkObjects: 4.571800 ms  DeleteObjects: 0.023500 ms)

========================================================================
Received Prepare
Registering precompiled user dll's ...
Registered in 0.004579 seconds.
Begin MonoManager ReloadAssembly
Native extension for WindowsStandalone target not found
Native extension for WebGL target not found
Refreshing native plugins compatible for Editor in 1.66 ms, found 0 plugins.
Preloading 0 native plugins for Editor in 0.00 ms.
Mono: successfully reloaded assembly
- Completed reload, in  0.865 seconds
Platform modules already initialized, skipping
Shader 'Universal Render Pipeline/Particles/Lit': fallback shader 'Universal Render Pipeline/Particles/SimpleLit' not found
Refreshing native plugins compatible for Editor in 1.66 ms, found 0 plugins.
Preloading 0 native plugins for Editor in 0.00 ms.
Unloading 3325 Unused Serialized files (Serialized files now loaded: 0)
System memory in use before: 173.9 MB.
System memory in use after: 174.1 MB.

Unloading 46 unused Assets to reduce memory usage. Loaded Objects now: 3966.
Total: 5.331300 ms (FindLiveObjects: 0.347100 ms CreateObjectMapping: 0.087100 ms MarkObjects: 4.869200 ms  DeleteObjects: 0.026600 ms)

========================================================================
Received Import Request.
  Time since last request: 309.618443 seconds.
  path: Assets/Game/Quests/Resources/Bean there done that.asset
  artifactKey: Guid(30b580d9d35c2ec4b84da5717a3b09b8) Importer(815301076,1909f56bfc062723c751e8b465ee728b)
Start importing Assets/Game/Quests/Resources/Bean there done that.asset using Guid(30b580d9d35c2ec4b84da5717a3b09b8) Importer(815301076,1909f56bfc062723c751e8b465ee728b)  -> (artifact id: '76be18e53ccccd8753ad93273106b038') in 0.083110 seconds
  Import took 0.090526 seconds .

========================================================================
Received Import Request.
  Time since last request: 60.394925 seconds.
  path: Assets/Game/Dialogue/Guard Intro.asset
  artifactKey: Guid(d6210ac7a3df32241a78948b5db1615d) Importer(815301076,1909f56bfc062723c751e8b465ee728b)
Start importing Assets/Game/Dialogue/Guard Intro.asset using Guid(d6210ac7a3df32241a78948b5db1615d) Importer(815301076,1909f56bfc062723c751e8b465ee728b)  -> (artifact id: '20d4a078406ff86816c62684b8b635b3') in 0.009997 seconds
  Import took 0.015551 seconds .

========================================================================
Received Import Request.
  Time since last request: 0.011597 seconds.
  path: Assets/Game/Dialogue/Guard Intro.asset
  artifactKey: Guid(d6210ac7a3df32241a78948b5db1615d) Importer(815301076,1909f56bfc062723c751e8b465ee728b)
Start importing Assets/Game/Dialogue/Guard Intro.asset using Guid(d6210ac7a3df32241a78948b5db1615d) Importer(815301076,1909f56bfc062723c751e8b465ee728b)  -> (artifact id: '20d4a078406ff86816c62684b8b635b3') in 0.003956 seconds
  Import took 0.009465 seconds .

========================================================================
Received Import Request.
  Time since last request: 0.000189 seconds.
  path: Assets/Game/Dialogue/Watto Dialogue.asset
  artifactKey: Guid(cde01047e2f2d744b98ac47b653ae09b) Importer(815301076,1909f56bfc062723c751e8b465ee728b)
Start importing Assets/Game/Dialogue/Watto Dialogue.asset using Guid(cde01047e2f2d744b98ac47b653ae09b) Importer(815301076,1909f56bfc062723c751e8b465ee728b)  -> (artifact id: 'f14075904056f97e294526fc59038d26') in 0.003481 seconds
  Import took 0.009594 seconds .

========================================================================
Received Import Request.
  Time since last request: 45.485232 seconds.
  path: Assets/Game/Dialogue/Billy Bean Dialogue.asset
  artifactKey: Guid(d06ff1b97ce7dbb429641a282b5570eb) Importer(815301076,1909f56bfc062723c751e8b465ee728b)
Start importing Assets/Game/Dialogue/Billy Bean Dialogue.asset using Guid(d06ff1b97ce7dbb429641a282b5570eb) Importer(815301076,1909f56bfc062723c751e8b465ee728b)  -> (artifact id: '9da26a4a9391b46f3b3fac9365ed6d44') in 0.007031 seconds
  Import took 0.012333 seconds .

========================================================================
Received Import Request.
  Time since last request: 0.016477 seconds.
  path: Assets/Game/Dialogue/Billy Bean Dialogue.asset
  artifactKey: Guid(d06ff1b97ce7dbb429641a282b5570eb) Importer(815301076,1909f56bfc062723c751e8b465ee728b)
Start importing Assets/Game/Dialogue/Billy Bean Dialogue.asset using Guid(d06ff1b97ce7dbb429641a282b5570eb) Importer(815301076,1909f56bfc062723c751e8b465ee728b)  -> (artifact id: '9da26a4a9391b46f3b3fac9365ed6d44') in 0.003226 seconds
  Import took 0.008109 seconds .

========================================================================
Received Import Request.
  Time since last request: 48.294107 seconds.
  path: Assets/Game/Quests/Resources/Brewing Trouble.asset
  artifactKey: Guid(d2d4aa7075827884abad7c5be27beb82) Importer(815301076,1909f56bfc062723c751e8b465ee728b)
Start importing Assets/Game/Quests/Resources/Brewing Trouble.asset using Guid(d2d4aa7075827884abad7c5be27beb82) Importer(815301076,1909f56bfc062723c751e8b465ee728b)  -> (artifact id: '5e8b7217c7b30e98cc9f866da3ee11d9') in 0.130831 seconds
  Import took 0.136687 seconds .

========================================================================
Received Import Request.
  Time since last request: 19.131048 seconds.
  path: Assets/Game/Core/Core.prefab
  artifactKey: Guid(ed6da1781ade2b6449f68ac0bfc6c5fe) Importer(815301076,1909f56bfc062723c751e8b465ee728b)
Start importing Assets/Game/Core/Core.prefab using Guid(ed6da1781ade2b6449f68ac0bfc6c5fe) Importer(815301076,1909f56bfc062723c751e8b465ee728b)  -> (artifact id: '4c19b5b7d7ed5a62899258ff7a656aff') in 0.551060 seconds
  Import took 0.564629 seconds .

========================================================================
Received Import Request.
  Time since last request: 0.000183 seconds.
  path: Assets/Game/Core/Progression.asset
  artifactKey: Guid(d71bc9e430c9d87479620561378db61f) Importer(815301076,1909f56bfc062723c751e8b465ee728b)
Start importing Assets/Game/Core/Progression.asset using Guid(d71bc9e430c9d87479620561378db61f) Importer(815301076,1909f56bfc062723c751e8b465ee728b)  -> (artifact id: 'fdd026bc23453f1b659b83556caf77d3') in 0.006556 seconds
  Import took 0.011708 seconds .

========================================================================
Received Import Request.
  Time since last request: 0.000197 seconds.
  path: Assets/Game/Core/Default Enemy Drops.asset
  artifactKey: Guid(61da9cae66b7fc94183554a8dcfe3d6e) Importer(815301076,1909f56bfc062723c751e8b465ee728b)
Start importing Assets/Game/Core/Default Enemy Drops.asset using Guid(61da9cae66b7fc94183554a8dcfe3d6e) Importer(815301076,1909f56bfc062723c751e8b465ee728b)  -> (artifact id: '5e45c53a6d0772aab587db8e7366e885') in 0.169919 seconds
  Import took 0.176442 seconds .

========================================================================
Received Prepare
Registering precompiled user dll's ...
Registered in 0.004859 seconds.
Begin MonoManager ReloadAssembly
Native extension for WindowsStandalone target not found
Native extension for WebGL target not found
Refreshing native plugins compatible for Editor in 1.63 ms, found 0 plugins.
Preloading 0 native plugins for Editor in 0.00 ms.
Mono: successfully reloaded assembly
- Completed reload, in  0.881 seconds
Platform modules already initialized, skipping
Shader 'Universal Render Pipeline/Particles/Lit': fallback shader 'Universal Render Pipeline/Particles/SimpleLit' not found
Refreshing native plugins compatible for Editor in 2.06 ms, found 0 plugins.
Preloading 0 native plugins for Editor in 0.00 ms.
Unloading 3325 Unused Serialized files (Serialized files now loaded: 0)
System memory in use before: 193.6 MB.
System memory in use after: 193.9 MB.

Unloading 50 unused Assets to reduce memory usage. Loaded Objects now: 4019.
Total: 5.774100 ms (FindLiveObjects: 0.435600 ms CreateObjectMapping: 0.087900 ms MarkObjects: 5.208100 ms  DeleteObjects: 0.040700 ms)

========================================================================
Received Import Request.
  Time since last request: 58.547769 seconds.
  path: Assets/Game/Quests/Resources/Bean there done that.asset
  artifactKey: Guid(30b580d9d35c2ec4b84da5717a3b09b8) Importer(815301076,1909f56bfc062723c751e8b465ee728b)
Start importing Assets/Game/Quests/Resources/Bean there done that.asset using Guid(30b580d9d35c2ec4b84da5717a3b09b8) Importer(815301076,1909f56bfc062723c751e8b465ee728b)  -> (artifact id: 'baad73fd2519630984fc1523cd505443') in 0.098899 seconds
  Import took 0.106589 seconds .

========================================================================
Received Prepare
Registering precompiled user dll's ...
Registered in 0.006019 seconds.
Begin MonoManager ReloadAssembly
Native extension for WindowsStandalone target not found
Native extension for WebGL target not found
Refreshing native plugins compatible for Editor in 2.05 ms, found 0 plugins.
Preloading 0 native plugins for Editor in 0.00 ms.
Mono: successfully reloaded assembly
- Completed reload, in  1.117 seconds
Platform modules already initialized, skipping
Shader 'Universal Render Pipeline/Particles/Lit': fallback shader 'Universal Render Pipeline/Particles/SimpleLit' not found
Refreshing native plugins compatible for Editor in 1.64 ms, found 0 plugins.
Preloading 0 native plugins for Editor in 0.00 ms.
Unloading 3325 Unused Serialized files (Serialized files now loaded: 0)
System memory in use before: 193.6 MB.
System memory in use after: 193.9 MB.

Unloading 46 unused Assets to reduce memory usage. Loaded Objects now: 4022.
Total: 6.017900 ms (FindLiveObjects: 0.346800 ms CreateObjectMapping: 0.091800 ms MarkObjects: 5.523200 ms  DeleteObjects: 0.054800 ms)

========================================================================
Received Prepare
Shader 'Universal Render Pipeline/Particles/Lit': fallback shader 'Universal Render Pipeline/Particles/SimpleLit' not found
Refreshing native plugins compatible for Editor in 12.13 ms, found 0 plugins.
Preloading 0 native plugins for Editor in 0.00 ms.
Unloading 45 Unused Serialized files (Serialized files now loaded: 0)
System memory in use before: 128.9 MB.
System memory in use after: 129.1 MB.

Unloading 44 unused Assets to reduce memory usage. Loaded Objects now: 4022.
Total: 7.367500 ms (FindLiveObjects: 0.366800 ms CreateObjectMapping: 0.083600 ms MarkObjects: 6.889000 ms  DeleteObjects: 0.026800 ms)

AssetImportWorkerClient::OnTransportError - code=2 error=End of file
