Using pre-set license
Built from '2020.3/release' branch; Version is '2020.3.7f1 (dd97f2c94397) revision 14522354'; Using compiler version '192528614'; Build Type 'Release'
OS: 'Windows 10 Pro; OS build 19041.985; Version 2004; 64bit' Language: 'en' Physical Memory: 16293 MB
BatchMode: 1, IsHumanControllingUs: 0, StartBugReporterOnCrash: 0, Is64bit: 1, IsPro: 0

 COMMAND LINE ARGUMENTS:
C:\Program Files\Unity\Hub\Editor\2020.3.7f1\Editor\Unity.exe
-adb2
-batchMode
-noUpm
-name
AssetImportWorker4
-projectPath
C:/Users/fults/Desktop/UNITY/RPG Project - Copy
-logFile
Logs/AssetImportWorker4.log
-srvPort
62067
Successfully changed project path to: C:/Users/fults/Desktop/UNITY/RPG Project - Copy
C:/Users/fults/Desktop/UNITY/RPG Project - Copy
Using Asset Import Pipeline V2.
