Using pre-set license
Built from '2020.3/release' branch; Version is '2020.3.7f1 (dd97f2c94397) revision 14522354'; Using compiler version '192528614'; Build Type 'Release'
OS: 'Windows 10 Pro; OS build 19041.928; Version 2004; 64bit' Language: 'en' Physical Memory: 16293 MB
BatchMode: 1, IsHumanControllingUs: 0, StartBugReporterOnCrash: 0, Is64bit: 1, IsPro: 0

 COMMAND LINE ARGUMENTS:
C:\Program Files\Unity\Hub\Editor\2020.3.7f1\Editor\Unity.exe
-adb2
-batchMode
-noUpm
-name
AssetImportWorker1
-projectPath
C:/Users/fults/Desktop/UNITY/RPG Project - Copy
-logFile
Logs/AssetImportWorker1.log
-srvPort
58734
Successfully changed project path to: C:/Users/fults/Desktop/UNITY/RPG Project - Copy
C:/Users/fults/Desktop/UNITY/RPG Project - Copy
Using Asset Import Pipeline V2.
Refreshing native plugins compatible for Editor in 151.97 ms, found 0 plugins.
Preloading 0 native plugins for Editor in 0.00 ms.
Initialize engine version: 2020.3.7f1 (dd97f2c94397)
[Subsystems] Discovering subsystems at path C:/Program Files/Unity/Hub/Editor/2020.3.7f1/Editor/Data/Resources/UnitySubsystems
[Subsystems] Discovering subsystems at path C:/Users/fults/Desktop/UNITY/RPG Project - Copy/Assets
GfxDevice: creating device client; threaded=0
Direct3D:
    Version:  Direct3D 11.0 [level 11.1]
    Renderer: NVIDIA GeForce RTX 2080 SUPER (ID=0x1e81)
    Vendor:   
    VRAM:     8010 MB
    Driver:   27.21.14.6611
Shader 'Universal Render Pipeline/Particles/Lit': fallback shader 'Universal Render Pipeline/Particles/SimpleLit' not found
Initialize mono
Mono path[0] = 'C:/Program Files/Unity/Hub/Editor/2020.3.7f1/Editor/Data/Managed'
Mono path[1] = 'C:/Program Files/Unity/Hub/Editor/2020.3.7f1/Editor/Data/MonoBleedingEdge/lib/mono/unityjit'
Mono config path = 'C:/Program Files/Unity/Hub/Editor/2020.3.7f1/Editor/Data/MonoBleedingEdge/etc'
Using monoOptions --debugger-agent=transport=dt_socket,embedding=1,server=y,suspend=n,address=127.0.0.1:56268
Begin MonoManager ReloadAssembly
Registering precompiled unity dll's ...
Register platform support module: C:/Program Files/Unity/Hub/Editor/2020.3.7f1/Editor/Data/PlaybackEngines/WebGLSupport/UnityEditor.WebGL.Extensions.dll
Register platform support module: C:/Program Files/Unity/Hub/Editor/2020.3.7f1/Editor/Data/PlaybackEngines/WindowsStandaloneSupport/UnityEditor.WindowsStandalone.Extensions.dll
Registered in 0.002224 seconds.
Native extension for WindowsStandalone target not found
Native extension for WebGL target not found
Refreshing native plugins compatible for Editor in 138.65 ms, found 0 plugins.
Preloading 0 native plugins for Editor in 0.00 ms.
Mono: successfully reloaded assembly
- Completed reload, in  2.963 seconds
Platform modules already initialized, skipping
Registering precompiled user dll's ...
Registered in 0.005082 seconds.
Begin MonoManager ReloadAssembly
Native extension for WindowsStandalone target not found
Native extension for WebGL target not found
Refreshing native plugins compatible for Editor in 145.49 ms, found 0 plugins.
Preloading 0 native plugins for Editor in 0.00 ms.
Mono: successfully reloaded assembly
- Completed reload, in  1.089 seconds
Platform modules already initialized, skipping
========================================================================
Worker process is ready to serve import requests
Shader 'Universal Render Pipeline/Particles/Lit': fallback shader 'Universal Render Pipeline/Particles/SimpleLit' not found
Launched and connected shader compiler UnityShaderCompiler.exe after 0.08 seconds
Refreshing native plugins compatible for Editor in 1.80 ms, found 0 plugins.
Preloading 0 native plugins for Editor in 0.00 ms.
Unloading 3424 Unused Serialized files (Serialized files now loaded: 0)
System memory in use before: 177.5 MB.
System memory in use after: 177.7 MB.

Unloading 55 unused Assets to reduce memory usage. Loaded Objects now: 3864.
Total: 6.459400 ms (FindLiveObjects: 0.411200 ms CreateObjectMapping: 0.086700 ms MarkObjects: 5.778700 ms  DeleteObjects: 0.181300 ms)

========================================================================
Received Import Request.
  path: Assets/Game/Projectiles/DirectionalSpells/Root Spell.prefab
  artifactKey: Guid(e6043f81c556e0442b2149127fe4b862) Importer(815301076,1909f56bfc062723c751e8b465ee728b)
Start importing Assets/Game/Projectiles/DirectionalSpells/Root Spell.prefab using Guid(e6043f81c556e0442b2149127fe4b862) Importer(815301076,1909f56bfc062723c751e8b465ee728b)  -> (artifact id: '89493e0f8a383f256aaea138d572a7ee') in 0.055549 seconds
  Import took 0.062697 seconds .

========================================================================
Received Prepare
Registering precompiled user dll's ...
Registered in 0.007459 seconds.
Begin MonoManager ReloadAssembly
Native extension for WindowsStandalone target not found
Native extension for WebGL target not found
Refreshing native plugins compatible for Editor in 1.85 ms, found 0 plugins.
Preloading 0 native plugins for Editor in 0.00 ms.
Mono: successfully reloaded assembly
- Completed reload, in  0.959 seconds
Platform modules already initialized, skipping
Shader 'Universal Render Pipeline/Particles/Lit': fallback shader 'Universal Render Pipeline/Particles/SimpleLit' not found
Refreshing native plugins compatible for Editor in 2.04 ms, found 0 plugins.
Preloading 0 native plugins for Editor in 0.00 ms.
Unloading 3294 Unused Serialized files (Serialized files now loaded: 0)
System memory in use before: 168.5 MB.
System memory in use after: 168.8 MB.

Unloading 46 unused Assets to reduce memory usage. Loaded Objects now: 3868.
Total: 5.712700 ms (FindLiveObjects: 0.415300 ms CreateObjectMapping: 0.090200 ms MarkObjects: 5.178600 ms  DeleteObjects: 0.027300 ms)

========================================================================
Received Prepare
Registering precompiled user dll's ...
Registered in 0.005669 seconds.
Begin MonoManager ReloadAssembly
Native extension for WindowsStandalone target not found
Native extension for WebGL target not found
Refreshing native plugins compatible for Editor in 1.85 ms, found 0 plugins.
Preloading 0 native plugins for Editor in 0.00 ms.
Mono: successfully reloaded assembly
- Completed reload, in  0.964 seconds
Platform modules already initialized, skipping
Shader 'Universal Render Pipeline/Particles/Lit': fallback shader 'Universal Render Pipeline/Particles/SimpleLit' not found
Refreshing native plugins compatible for Editor in 2.20 ms, found 0 plugins.
Preloading 0 native plugins for Editor in 0.00 ms.
Unloading 3294 Unused Serialized files (Serialized files now loaded: 0)
System memory in use before: 168.6 MB.
System memory in use after: 168.8 MB.

Unloading 46 unused Assets to reduce memory usage. Loaded Objects now: 3871.
Total: 5.135000 ms (FindLiveObjects: 0.495400 ms CreateObjectMapping: 0.088600 ms MarkObjects: 4.518800 ms  DeleteObjects: 0.031400 ms)

========================================================================
Received Prepare
Registering precompiled user dll's ...
Registered in 0.005035 seconds.
Begin MonoManager ReloadAssembly
Native extension for WindowsStandalone target not found
Native extension for WebGL target not found
Refreshing native plugins compatible for Editor in 1.79 ms, found 0 plugins.
Preloading 0 native plugins for Editor in 0.00 ms.
Mono: successfully reloaded assembly
- Completed reload, in  0.913 seconds
Platform modules already initialized, skipping
Shader 'Universal Render Pipeline/Particles/Lit': fallback shader 'Universal Render Pipeline/Particles/SimpleLit' not found
Refreshing native plugins compatible for Editor in 1.73 ms, found 0 plugins.
Preloading 0 native plugins for Editor in 0.00 ms.
Unloading 3294 Unused Serialized files (Serialized files now loaded: 0)
System memory in use before: 168.6 MB.
System memory in use after: 168.8 MB.

Unloading 46 unused Assets to reduce memory usage. Loaded Objects now: 3874.
Total: 6.329700 ms (FindLiveObjects: 0.403500 ms CreateObjectMapping: 0.091000 ms MarkObjects: 5.804200 ms  DeleteObjects: 0.029600 ms)

========================================================================
Received Prepare
Registering precompiled user dll's ...
Registered in 0.006355 seconds.
Begin MonoManager ReloadAssembly
Native extension for WindowsStandalone target not found
Native extension for WebGL target not found
Refreshing native plugins compatible for Editor in 1.93 ms, found 0 plugins.
Preloading 0 native plugins for Editor in 0.00 ms.
Mono: successfully reloaded assembly
- Completed reload, in  0.908 seconds
Platform modules already initialized, skipping
Shader 'Universal Render Pipeline/Particles/Lit': fallback shader 'Universal Render Pipeline/Particles/SimpleLit' not found
Refreshing native plugins compatible for Editor in 2.05 ms, found 0 plugins.
Preloading 0 native plugins for Editor in 0.00 ms.
Unloading 3294 Unused Serialized files (Serialized files now loaded: 0)
System memory in use before: 168.6 MB.
System memory in use after: 168.9 MB.

Unloading 46 unused Assets to reduce memory usage. Loaded Objects now: 3877.
Total: 6.886100 ms (FindLiveObjects: 0.534900 ms CreateObjectMapping: 0.088500 ms MarkObjects: 6.214700 ms  DeleteObjects: 0.045500 ms)

========================================================================
Received Prepare
Registering precompiled user dll's ...
Registered in 0.005325 seconds.
Begin MonoManager ReloadAssembly
Native extension for WindowsStandalone target not found
Native extension for WebGL target not found
Refreshing native plugins compatible for Editor in 2.21 ms, found 0 plugins.
Preloading 0 native plugins for Editor in 0.00 ms.
Mono: successfully reloaded assembly
- Completed reload, in  0.901 seconds
Platform modules already initialized, skipping
Shader 'Universal Render Pipeline/Particles/Lit': fallback shader 'Universal Render Pipeline/Particles/SimpleLit' not found
Refreshing native plugins compatible for Editor in 1.80 ms, found 0 plugins.
Preloading 0 native plugins for Editor in 0.00 ms.
Unloading 3294 Unused Serialized files (Serialized files now loaded: 0)
System memory in use before: 168.6 MB.
System memory in use after: 168.9 MB.

Unloading 46 unused Assets to reduce memory usage. Loaded Objects now: 3880.
Total: 5.087000 ms (FindLiveObjects: 0.354000 ms CreateObjectMapping: 0.082900 ms MarkObjects: 4.622500 ms  DeleteObjects: 0.026100 ms)

========================================================================
Received Import Request.
  Time since last request: 382.250312 seconds.
  path: Assets/Game/Projectiles/DirectionalSpells/Root Spell.prefab
  artifactKey: Guid(e6043f81c556e0442b2149127fe4b862) Importer(815301076,1909f56bfc062723c751e8b465ee728b)
Start importing Assets/Game/Projectiles/DirectionalSpells/Root Spell.prefab using Guid(e6043f81c556e0442b2149127fe4b862) Importer(815301076,1909f56bfc062723c751e8b465ee728b)  -> (artifact id: '775d20747396b27835d16add59aef2a6') in 0.079263 seconds
  Import took 0.085392 seconds .

========================================================================
Received Prepare
Registering precompiled user dll's ...
Registered in 0.007269 seconds.
Begin MonoManager ReloadAssembly
Native extension for WindowsStandalone target not found
Native extension for WebGL target not found
Refreshing native plugins compatible for Editor in 3.11 ms, found 0 plugins.
Preloading 0 native plugins for Editor in 0.00 ms.
Mono: successfully reloaded assembly
- Completed reload, in  1.273 seconds
Platform modules already initialized, skipping
Shader 'Universal Render Pipeline/Particles/Lit': fallback shader 'Universal Render Pipeline/Particles/SimpleLit' not found
Refreshing native plugins compatible for Editor in 2.51 ms, found 0 plugins.
Preloading 0 native plugins for Editor in 0.00 ms.
Unloading 3294 Unused Serialized files (Serialized files now loaded: 0)
System memory in use before: 168.8 MB.
System memory in use after: 169.0 MB.

Unloading 46 unused Assets to reduce memory usage. Loaded Objects now: 3883.
Total: 7.845500 ms (FindLiveObjects: 0.560700 ms CreateObjectMapping: 0.401600 ms MarkObjects: 6.847100 ms  DeleteObjects: 0.034100 ms)

========================================================================
Received Prepare
Registering precompiled user dll's ...
Registered in 0.007366 seconds.
Begin MonoManager ReloadAssembly
Native extension for WindowsStandalone target not found
Native extension for WebGL target not found
Refreshing native plugins compatible for Editor in 1.87 ms, found 0 plugins.
Preloading 0 native plugins for Editor in 0.00 ms.
Mono: successfully reloaded assembly
- Completed reload, in  0.943 seconds
Platform modules already initialized, skipping
Shader 'Universal Render Pipeline/Particles/Lit': fallback shader 'Universal Render Pipeline/Particles/SimpleLit' not found
Refreshing native plugins compatible for Editor in 2.21 ms, found 0 plugins.
Preloading 0 native plugins for Editor in 0.00 ms.
Unloading 3294 Unused Serialized files (Serialized files now loaded: 0)
System memory in use before: 168.8 MB.
System memory in use after: 169.0 MB.

Unloading 46 unused Assets to reduce memory usage. Loaded Objects now: 3886.
Total: 6.775200 ms (FindLiveObjects: 0.379400 ms CreateObjectMapping: 0.104400 ms MarkObjects: 6.256600 ms  DeleteObjects: 0.033400 ms)

========================================================================
Received Prepare
Registering precompiled user dll's ...
Registered in 0.005547 seconds.
Begin MonoManager ReloadAssembly
Native extension for WindowsStandalone target not found
Native extension for WebGL target not found
Refreshing native plugins compatible for Editor in 2.15 ms, found 0 plugins.
Preloading 0 native plugins for Editor in 0.00 ms.
Mono: successfully reloaded assembly
- Completed reload, in  0.933 seconds
Platform modules already initialized, skipping
Shader 'Universal Render Pipeline/Particles/Lit': fallback shader 'Universal Render Pipeline/Particles/SimpleLit' not found
Refreshing native plugins compatible for Editor in 2.59 ms, found 0 plugins.
Preloading 0 native plugins for Editor in 0.00 ms.
Unloading 3294 Unused Serialized files (Serialized files now loaded: 0)
System memory in use before: 168.8 MB.
System memory in use after: 169.0 MB.

Unloading 46 unused Assets to reduce memory usage. Loaded Objects now: 3889.
Total: 7.826000 ms (FindLiveObjects: 0.639200 ms CreateObjectMapping: 0.126800 ms MarkObjects: 7.024500 ms  DeleteObjects: 0.033700 ms)

========================================================================
Received Prepare
Registering precompiled user dll's ...
Registered in 0.005059 seconds.
Begin MonoManager ReloadAssembly
Native extension for WindowsStandalone target not found
Native extension for WebGL target not found
Refreshing native plugins compatible for Editor in 1.71 ms, found 0 plugins.
Preloading 0 native plugins for Editor in 0.00 ms.
Mono: successfully reloaded assembly
- Completed reload, in  0.900 seconds
Platform modules already initialized, skipping
Shader 'Universal Render Pipeline/Particles/Lit': fallback shader 'Universal Render Pipeline/Particles/SimpleLit' not found
Refreshing native plugins compatible for Editor in 1.67 ms, found 0 plugins.
Preloading 0 native plugins for Editor in 0.00 ms.
Unloading 3294 Unused Serialized files (Serialized files now loaded: 0)
System memory in use before: 168.8 MB.
System memory in use after: 169.0 MB.

Unloading 46 unused Assets to reduce memory usage. Loaded Objects now: 3892.
Total: 7.000500 ms (FindLiveObjects: 0.650800 ms CreateObjectMapping: 0.288600 ms MarkObjects: 6.031300 ms  DeleteObjects: 0.028000 ms)

========================================================================
Received Import Request.
  Time since last request: 249.617644 seconds.
  path: Assets/Game/Projectiles/DirectionalSpells/Root Spell.prefab
  artifactKey: Guid(e6043f81c556e0442b2149127fe4b862) Importer(815301076,1909f56bfc062723c751e8b465ee728b)
Start importing Assets/Game/Projectiles/DirectionalSpells/Root Spell.prefab using Guid(e6043f81c556e0442b2149127fe4b862) Importer(815301076,1909f56bfc062723c751e8b465ee728b)  -> (artifact id: 'c4b34c5d4cc1f05434e09487d9710865') in 0.032731 seconds
  Import took 0.039842 seconds .

========================================================================
Received Import Request.
  Time since last request: 1.828026 seconds.
  path: Assets/Game/Projectiles/DirectionalSpells/Root Spell.prefab
  artifactKey: Guid(e6043f81c556e0442b2149127fe4b862) Importer(815301076,1909f56bfc062723c751e8b465ee728b)
Start importing Assets/Game/Projectiles/DirectionalSpells/Root Spell.prefab using Guid(e6043f81c556e0442b2149127fe4b862) Importer(815301076,1909f56bfc062723c751e8b465ee728b)  -> (artifact id: 'd976df95411198bf10e5ada2001c82fa') in 0.008255 seconds
  Import took 0.014642 seconds .

========================================================================
Received Import Request.
  Time since last request: 3.038612 seconds.
  path: Assets/Game/Projectiles/DirectionalSpells/Root Spell.prefab
  artifactKey: Guid(e6043f81c556e0442b2149127fe4b862) Importer(815301076,1909f56bfc062723c751e8b465ee728b)
Start importing Assets/Game/Projectiles/DirectionalSpells/Root Spell.prefab using Guid(e6043f81c556e0442b2149127fe4b862) Importer(815301076,1909f56bfc062723c751e8b465ee728b)  -> (artifact id: '9c93aff096a0620a692a47d93c6a5ac4') in 0.008030 seconds
  Import took 0.014059 seconds .

========================================================================
Received Prepare
Registering precompiled user dll's ...
Registered in 0.005350 seconds.
Begin MonoManager ReloadAssembly
Native extension for WindowsStandalone target not found
Native extension for WebGL target not found
Refreshing native plugins compatible for Editor in 1.89 ms, found 0 plugins.
Preloading 0 native plugins for Editor in 0.00 ms.
Mono: successfully reloaded assembly
- Completed reload, in  0.940 seconds
Platform modules already initialized, skipping
Shader 'Universal Render Pipeline/Particles/Lit': fallback shader 'Universal Render Pipeline/Particles/SimpleLit' not found
Refreshing native plugins compatible for Editor in 1.77 ms, found 0 plugins.
Preloading 0 native plugins for Editor in 0.00 ms.
Unloading 3294 Unused Serialized files (Serialized files now loaded: 0)
System memory in use before: 168.8 MB.
System memory in use after: 169.0 MB.

Unloading 46 unused Assets to reduce memory usage. Loaded Objects now: 3895.
Total: 5.757700 ms (FindLiveObjects: 0.421100 ms CreateObjectMapping: 0.086500 ms MarkObjects: 5.220500 ms  DeleteObjects: 0.028500 ms)

========================================================================
Received Import Request.
  Time since last request: 63.821470 seconds.
  path: Assets/Game/Projectiles/DirectionalSpells/Root Spell.prefab
  artifactKey: Guid(e6043f81c556e0442b2149127fe4b862) Importer(815301076,1909f56bfc062723c751e8b465ee728b)
Start importing Assets/Game/Projectiles/DirectionalSpells/Root Spell.prefab using Guid(e6043f81c556e0442b2149127fe4b862) Importer(815301076,1909f56bfc062723c751e8b465ee728b)  -> (artifact id: '1f97cfda5dae916d8722b7f5cbdaf901') in 0.081198 seconds
  Import took 0.088233 seconds .

========================================================================
Received Import Request.
  Time since last request: 0.537004 seconds.
  path: Assets/Game/Projectiles/DirectionalSpells/Root Spell.prefab
  artifactKey: Guid(e6043f81c556e0442b2149127fe4b862) Importer(815301076,1909f56bfc062723c751e8b465ee728b)
Start importing Assets/Game/Projectiles/DirectionalSpells/Root Spell.prefab using Guid(e6043f81c556e0442b2149127fe4b862) Importer(815301076,1909f56bfc062723c751e8b465ee728b)  -> (artifact id: 'acec1965238645ef6058d07be894247c') in 0.006490 seconds
  Import took 0.013208 seconds .

========================================================================
Received Import Request.
  Time since last request: 8.328253 seconds.
  path: Assets/Game/Projectiles/DirectionalSpells/Root Spell.prefab
  artifactKey: Guid(e6043f81c556e0442b2149127fe4b862) Importer(815301076,1909f56bfc062723c751e8b465ee728b)
Start importing Assets/Game/Projectiles/DirectionalSpells/Root Spell.prefab using Guid(e6043f81c556e0442b2149127fe4b862) Importer(815301076,1909f56bfc062723c751e8b465ee728b)  -> (artifact id: '72ebadac6ce642d93c4c71a6def9605b') in 0.006990 seconds
  Import took 0.013660 seconds .

========================================================================
Received Import Request.
  Time since last request: 7.626448 seconds.
  path: Assets/Asset Packs/GameDev.tv Assets/SFX/SFX_AOE with laugh.ogg
  artifactKey: Guid(be04e3f4e348d08438b4ce2e92a586d2) Importer(815301076,1909f56bfc062723c751e8b465ee728b)
Start importing Assets/Asset Packs/GameDev.tv Assets/SFX/SFX_AOE with laugh.ogg using Guid(be04e3f4e348d08438b4ce2e92a586d2) Importer(815301076,1909f56bfc062723c751e8b465ee728b)  -> (artifact id: 'a2699f4a09fa56bea60ba489f654723b') in 0.093094 seconds
  Import took 0.099043 seconds .

========================================================================
Received Import Request.
  Time since last request: 0.000215 seconds.
  path: Assets/Asset Packs/GameDev.tv Assets/SFX/SFX_Take Damage Ouch 4.wav
  artifactKey: Guid(2ebf38d5081e6024eb5214ce611bd747) Importer(815301076,1909f56bfc062723c751e8b465ee728b)
Start importing Assets/Asset Packs/GameDev.tv Assets/SFX/SFX_Take Damage Ouch 4.wav using Guid(2ebf38d5081e6024eb5214ce611bd747) Importer(815301076,1909f56bfc062723c751e8b465ee728b)  -> (artifact id: '58615f7f6062ca21f411e28e0975db3d') in 0.015806 seconds
  Import took 0.021749 seconds .

========================================================================
Received Import Request.
  Time since last request: 0.000189 seconds.
  path: Assets/Asset Packs/GameDev.tv Assets/SFX/SFX_Attack hit sound 1.wav
  artifactKey: Guid(94fc62564eabf2e429355affe6bee585) Importer(815301076,1909f56bfc062723c751e8b465ee728b)
Start importing Assets/Asset Packs/GameDev.tv Assets/SFX/SFX_Attack hit sound 1.wav using Guid(94fc62564eabf2e429355affe6bee585) Importer(815301076,1909f56bfc062723c751e8b465ee728b)  -> (artifact id: '048cad701102456297a3a657b3913d96') in 0.012421 seconds
  Import took 0.017786 seconds .

========================================================================
Received Import Request.
  Time since last request: 0.000145 seconds.
  path: Assets/Asset Packs/GameDev.tv Assets/SFX/SFX_Attack hit sound 8.wav
  artifactKey: Guid(bf03f714419c3b048ad4ff8b370d10d4) Importer(815301076,1909f56bfc062723c751e8b465ee728b)
Start importing Assets/Asset Packs/GameDev.tv Assets/SFX/SFX_Attack hit sound 8.wav using Guid(bf03f714419c3b048ad4ff8b370d10d4) Importer(815301076,1909f56bfc062723c751e8b465ee728b)  -> (artifact id: '86d7eeddbbbff8451d3a9083f658f5d1') in 0.017077 seconds
  Import took 0.022007 seconds .

========================================================================
Received Import Request.
  Time since last request: 0.000173 seconds.
  path: Assets/Asset Packs/GameDev.tv Assets/SFX/SFX_AOE with laugh.ogg
  artifactKey: Guid(be04e3f4e348d08438b4ce2e92a586d2) Importer(815301076,1909f56bfc062723c751e8b465ee728b)
Start importing Assets/Asset Packs/GameDev.tv Assets/SFX/SFX_AOE with laugh.ogg using Guid(be04e3f4e348d08438b4ce2e92a586d2) Importer(815301076,1909f56bfc062723c751e8b465ee728b)  -> (artifact id: 'a2699f4a09fa56bea60ba489f654723b') in 0.011397 seconds
  Import took 0.016951 seconds .

========================================================================
Received Import Request.
  Time since last request: 0.000170 seconds.
  path: Assets/Asset Packs/GameDev.tv Assets/SFX/SFX_Attack hit sound 9.wav
  artifactKey: Guid(151fa7778dc9cf14ba998127d188283b) Importer(815301076,1909f56bfc062723c751e8b465ee728b)
Start importing Assets/Asset Packs/GameDev.tv Assets/SFX/SFX_Attack hit sound 9.wav using Guid(151fa7778dc9cf14ba998127d188283b) Importer(815301076,1909f56bfc062723c751e8b465ee728b)  -> (artifact id: 'c21a1504e918c7afdd9db7df9e02414a') in 0.017151 seconds
  Import took 0.022513 seconds .

========================================================================
Received Import Request.
  Time since last request: 0.000273 seconds.
  path: Assets/Asset Packs/GameDev.tv Assets/SFX/SFX_Take Damage Ouch 2.wav
  artifactKey: Guid(3298d4d468badd044b2ca8930315e21d) Importer(815301076,1909f56bfc062723c751e8b465ee728b)
Start importing Assets/Asset Packs/GameDev.tv Assets/SFX/SFX_Take Damage Ouch 2.wav using Guid(3298d4d468badd044b2ca8930315e21d) Importer(815301076,1909f56bfc062723c751e8b465ee728b)  -> (artifact id: '9bc160593eda7c4f5f0f3a01b047e76d') in 0.011441 seconds
  Import took 0.017568 seconds .

========================================================================
Received Import Request.
  Time since last request: 0.000195 seconds.
  path: Assets/Asset Packs/GameDev.tv Assets/SFX/SFX_Attack hit sound 7.wav
  artifactKey: Guid(c82b5c917dd599d42aabfb3c5875da2d) Importer(815301076,1909f56bfc062723c751e8b465ee728b)
Start importing Assets/Asset Packs/GameDev.tv Assets/SFX/SFX_Attack hit sound 7.wav using Guid(c82b5c917dd599d42aabfb3c5875da2d) Importer(815301076,1909f56bfc062723c751e8b465ee728b)  -> (artifact id: '9df6d31bea4bf9e92e1a3f39f5c080eb') in 0.015897 seconds
  Import took 0.020768 seconds .

========================================================================
Received Import Request.
  Time since last request: 0.000176 seconds.
  path: Assets/Asset Packs/GameDev.tv Assets/SFX/SFX_Attack hit sound 4.wav
  artifactKey: Guid(0d3d7afb5ec538343a9fd9d4235bdefa) Importer(815301076,1909f56bfc062723c751e8b465ee728b)
Start importing Assets/Asset Packs/GameDev.tv Assets/SFX/SFX_Attack hit sound 4.wav using Guid(0d3d7afb5ec538343a9fd9d4235bdefa) Importer(815301076,1909f56bfc062723c751e8b465ee728b)  -> (artifact id: '0903cc5a7a537da18dcedc02bd68ba01') in 0.017658 seconds
  Import took 0.022529 seconds .

========================================================================
Received Import Request.
  Time since last request: 0.000182 seconds.
  path: Assets/Asset Packs/GameDev.tv Assets/SFX/SFX_power attack grunt.wav
  artifactKey: Guid(b58fa8783b46ccf47bce520207b2454b) Importer(815301076,1909f56bfc062723c751e8b465ee728b)
Start importing Assets/Asset Packs/GameDev.tv Assets/SFX/SFX_power attack grunt.wav using Guid(b58fa8783b46ccf47bce520207b2454b) Importer(815301076,1909f56bfc062723c751e8b465ee728b)  -> (artifact id: '20c14c7ec7d24ed5c3a4066517eca5c2') in 0.016235 seconds
  Import took 0.021487 seconds .

========================================================================
Received Import Request.
  Time since last request: 0.000195 seconds.
  path: Assets/Asset Packs/GameDev.tv Assets/SFX/SFX_Attack hit sound 3.wav
  artifactKey: Guid(ecb1846d8f5334e4098e073700dc88fb) Importer(815301076,1909f56bfc062723c751e8b465ee728b)
Start importing Assets/Asset Packs/GameDev.tv Assets/SFX/SFX_Attack hit sound 3.wav using Guid(ecb1846d8f5334e4098e073700dc88fb) Importer(815301076,1909f56bfc062723c751e8b465ee728b)  -> (artifact id: '3281fc82110d85315d551b763b522715') in 0.015643 seconds
  Import took 0.020793 seconds .

========================================================================
Received Import Request.
  Time since last request: 0.000141 seconds.
  path: Assets/Asset Packs/GameDev.tv Assets/SFX/SFX_Attack hit sound 6.wav
  artifactKey: Guid(dc5c98755448cdd48a680d017cb8ceb5) Importer(815301076,1909f56bfc062723c751e8b465ee728b)
Start importing Assets/Asset Packs/GameDev.tv Assets/SFX/SFX_Attack hit sound 6.wav using Guid(dc5c98755448cdd48a680d017cb8ceb5) Importer(815301076,1909f56bfc062723c751e8b465ee728b)  -> (artifact id: '606e0103f76e1d37bae85b85c20c88b2') in 0.016416 seconds
  Import took 0.021105 seconds .

========================================================================
Received Import Request.
  Time since last request: 0.000186 seconds.
  path: Assets/Asset Packs/GameDev.tv Assets/SFX/SFX_Take Damage Ouch 1.wav
  artifactKey: Guid(c67b8f28ccb1a184cba5b958315fb75f) Importer(815301076,1909f56bfc062723c751e8b465ee728b)
Start importing Assets/Asset Packs/GameDev.tv Assets/SFX/SFX_Take Damage Ouch 1.wav using Guid(c67b8f28ccb1a184cba5b958315fb75f) Importer(815301076,1909f56bfc062723c751e8b465ee728b)  -> (artifact id: 'eca69e3be4eef9dec4abc237336ab15a') in 0.010912 seconds
  Import took 0.016405 seconds .

========================================================================
Received Import Request.
  Time since last request: 0.000151 seconds.
  path: Assets/Asset Packs/GameDev.tv Assets/SFX/SFX_Take Damage Ouch 5.wav
  artifactKey: Guid(e7a068fc894ced2438c719feae89ea40) Importer(815301076,1909f56bfc062723c751e8b465ee728b)
Start importing Assets/Asset Packs/GameDev.tv Assets/SFX/SFX_Take Damage Ouch 5.wav using Guid(e7a068fc894ced2438c719feae89ea40) Importer(815301076,1909f56bfc062723c751e8b465ee728b)  -> (artifact id: '0a8d7cb099d6775efcae1c46da45f35d') in 0.010932 seconds
  Import took 0.015913 seconds .

========================================================================
Received Import Request.
  Time since last request: 0.000189 seconds.
  path: Assets/Asset Packs/GameDev.tv Assets/SFX/SFX_Take Damage Ouch 3.wav
  artifactKey: Guid(da4f5695bff34bf4b88959334d31f55f) Importer(815301076,1909f56bfc062723c751e8b465ee728b)
Start importing Assets/Asset Packs/GameDev.tv Assets/SFX/SFX_Take Damage Ouch 3.wav using Guid(da4f5695bff34bf4b88959334d31f55f) Importer(815301076,1909f56bfc062723c751e8b465ee728b)  -> (artifact id: '5f2fa7aa255d1bcba2a8c264a58fbb32') in 0.010877 seconds
  Import took 0.015595 seconds .

========================================================================
Received Import Request.
  Time since last request: 0.000158 seconds.
  path: Assets/Asset Packs/GameDev.tv Assets/SFX/SFX_power hit.ogg
  artifactKey: Guid(da0093ebe4323b846a8f67e40229df09) Importer(815301076,1909f56bfc062723c751e8b465ee728b)
Start importing Assets/Asset Packs/GameDev.tv Assets/SFX/SFX_power hit.ogg using Guid(da0093ebe4323b846a8f67e40229df09) Importer(815301076,1909f56bfc062723c751e8b465ee728b)  -> (artifact id: '116788d4c5b8240ed94492c96d355fc7') in 0.015728 seconds
  Import took 0.021160 seconds .

========================================================================
Received Import Request.
  Time since last request: 0.000153 seconds.
  path: Assets/Asset Packs/GameDev.tv Assets/SFX/SFX_Attack hit sound 5.wav
  artifactKey: Guid(8c4a6d3173c94d04c9896a4afd752f69) Importer(815301076,1909f56bfc062723c751e8b465ee728b)
Start importing Assets/Asset Packs/GameDev.tv Assets/SFX/SFX_Attack hit sound 5.wav using Guid(8c4a6d3173c94d04c9896a4afd752f69) Importer(815301076,1909f56bfc062723c751e8b465ee728b)  -> (artifact id: '531bb6ec834e1fe93ebb1f4ef6cfed13') in 0.016954 seconds
  Import took 0.022116 seconds .

========================================================================
Received Import Request.
  Time since last request: 0.000191 seconds.
  path: Assets/Asset Packs/GameDev.tv Assets/SFX/SFX_Attack hit sound 10.wav
  artifactKey: Guid(379e40c9ee994864fa1cbcd90934c6a9) Importer(815301076,1909f56bfc062723c751e8b465ee728b)
Start importing Assets/Asset Packs/GameDev.tv Assets/SFX/SFX_Attack hit sound 10.wav using Guid(379e40c9ee994864fa1cbcd90934c6a9) Importer(815301076,1909f56bfc062723c751e8b465ee728b)  -> (artifact id: '1d017e17dbe5b95fc95e94d273398637') in 0.015788 seconds
  Import took 0.020602 seconds .

========================================================================
Received Import Request.
  Time since last request: 0.000135 seconds.
  path: Assets/Asset Packs/GameDev.tv Assets/SFX/SFX_Attack hit sound 2.wav
  artifactKey: Guid(3ab4b9bb431abca44a50195dd6f36e6b) Importer(815301076,1909f56bfc062723c751e8b465ee728b)
Start importing Assets/Asset Packs/GameDev.tv Assets/SFX/SFX_Attack hit sound 2.wav using Guid(3ab4b9bb431abca44a50195dd6f36e6b) Importer(815301076,1909f56bfc062723c751e8b465ee728b)  -> (artifact id: '1c49f2ddf085c180ec7e2eefe2690ef6') in 0.017226 seconds
  Import took 0.022211 seconds .

========================================================================
Received Import Request.
  Time since last request: 0.000134 seconds.
  path: Assets/Asset Packs/GameDev.tv Assets/SFX/SFX_Heal spell.ogg
  artifactKey: Guid(136a21330c4e00a4a89a64b01e15607f) Importer(815301076,1909f56bfc062723c751e8b465ee728b)
Start importing Assets/Asset Packs/GameDev.tv Assets/SFX/SFX_Heal spell.ogg using Guid(136a21330c4e00a4a89a64b01e15607f) Importer(815301076,1909f56bfc062723c751e8b465ee728b)  -> (artifact id: '91e5ccde7b0e5d603daacf18ffc9b017') in 0.016143 seconds
  Import took 0.021367 seconds .

========================================================================
Received Import Request.
  Time since last request: 5.139563 seconds.
  path: Assets/Asset Packs/Sounds/Magic Spells Sound Effects V2.0
  artifactKey: Guid(1f72c44ac34ecf34d817168ec0b5fc8f) Importer(815301076,1909f56bfc062723c751e8b465ee728b)
Start importing Assets/Asset Packs/Sounds/Magic Spells Sound Effects V2.0 using Guid(1f72c44ac34ecf34d817168ec0b5fc8f) Importer(815301076,1909f56bfc062723c751e8b465ee728b)  -> (artifact id: '60391963311beeb5f5cc1cbe35138409') in 0.007454 seconds
  Import took 0.013820 seconds .

========================================================================
Received Import Request.
  Time since last request: 6.466459 seconds.
  path: Assets/Asset Packs/Sounds/Magic Spells Sound Effects V2.0/Element Scholls
  artifactKey: Guid(a011469e0974eb04dbd749e12f9b72df) Importer(815301076,1909f56bfc062723c751e8b465ee728b)
Start importing Assets/Asset Packs/Sounds/Magic Spells Sound Effects V2.0/Element Scholls using Guid(a011469e0974eb04dbd749e12f9b72df) Importer(815301076,1909f56bfc062723c751e8b465ee728b)  -> (artifact id: '847d876d8f0963ca21aa4961e66802ff') in 0.006352 seconds
  Import took 0.012992 seconds .

========================================================================
Received Import Request.
  Time since last request: 0.818696 seconds.
  path: Assets/Asset Packs/Sounds/Magic Spells Sound Effects V2.0/Element Scholls/Fire
  artifactKey: Guid(575c80069bd683a4e95e93a2fc1617cc) Importer(815301076,1909f56bfc062723c751e8b465ee728b)
Start importing Assets/Asset Packs/Sounds/Magic Spells Sound Effects V2.0/Element Scholls/Fire using Guid(575c80069bd683a4e95e93a2fc1617cc) Importer(815301076,1909f56bfc062723c751e8b465ee728b)  -> (artifact id: 'a11a338ad84c9571448a383d10f57835') in 0.007415 seconds
  Import took 0.013284 seconds .

========================================================================
Received Import Request.
  Time since last request: 0.137192 seconds.
  path: Assets/Asset Packs/Sounds/Magic Spells Sound Effects V2.0/Element Scholls/Fire/Fire Spell 01.wav
  artifactKey: Guid(06e8d56c0a8b9004e96c996508dd45d1) Importer(815301076,1909f56bfc062723c751e8b465ee728b)
Start importing Assets/Asset Packs/Sounds/Magic Spells Sound Effects V2.0/Element Scholls/Fire/Fire Spell 01.wav using Guid(06e8d56c0a8b9004e96c996508dd45d1) Importer(815301076,1909f56bfc062723c751e8b465ee728b)  -> (artifact id: '862e8d872b618716b254aa1209c19a4d') in 0.016888 seconds
  Import took 0.022198 seconds .

========================================================================
Received Import Request.
  Time since last request: 0.000184 seconds.
  path: Assets/Asset Packs/Sounds/Magic Spells Sound Effects V2.0/Element Scholls/Fire/Fire Spell 14.wav
  artifactKey: Guid(c25ecb69f4f6a1a428d64769ef0f3d6f) Importer(815301076,1909f56bfc062723c751e8b465ee728b)
Start importing Assets/Asset Packs/Sounds/Magic Spells Sound Effects V2.0/Element Scholls/Fire/Fire Spell 14.wav using Guid(c25ecb69f4f6a1a428d64769ef0f3d6f) Importer(815301076,1909f56bfc062723c751e8b465ee728b)  -> (artifact id: 'cf659d2d5e9b27291b1d45d503d298b2') in 0.019750 seconds
  Import took 0.025529 seconds .

========================================================================
Received Import Request.
  Time since last request: 0.000175 seconds.
  path: Assets/Asset Packs/Sounds/Magic Spells Sound Effects V2.0/Element Scholls/Fire/Fire Spell 18.wav
  artifactKey: Guid(7220b815d38e2f441ade090e4f3316b5) Importer(815301076,1909f56bfc062723c751e8b465ee728b)
Start importing Assets/Asset Packs/Sounds/Magic Spells Sound Effects V2.0/Element Scholls/Fire/Fire Spell 18.wav using Guid(7220b815d38e2f441ade090e4f3316b5) Importer(815301076,1909f56bfc062723c751e8b465ee728b)  -> (artifact id: '6c6c3162be5e904e2abc45d1b72639b9') in 0.016968 seconds
  Import took 0.022648 seconds .

========================================================================
Received Import Request.
  Time since last request: 0.000184 seconds.
  path: Assets/Asset Packs/Sounds/Magic Spells Sound Effects V2.0/Element Scholls/Fire/Fire Spell 08.wav
  artifactKey: Guid(4862855e3b5aa10408fbe2a7432976b8) Importer(815301076,1909f56bfc062723c751e8b465ee728b)
Start importing Assets/Asset Packs/Sounds/Magic Spells Sound Effects V2.0/Element Scholls/Fire/Fire Spell 08.wav using Guid(4862855e3b5aa10408fbe2a7432976b8) Importer(815301076,1909f56bfc062723c751e8b465ee728b)  -> (artifact id: '06bfaebceff0d5a7c407f5881b1d39b3') in 0.017846 seconds
  Import took 0.024643 seconds .

========================================================================
Received Import Request.
  Time since last request: 0.000163 seconds.
  path: Assets/Asset Packs/Sounds/Magic Spells Sound Effects V2.0/Element Scholls/Fire/Fire Spell 17.wav
  artifactKey: Guid(cfbf0de165f9ea84085fd47cbd5d06dc) Importer(815301076,1909f56bfc062723c751e8b465ee728b)
Start importing Assets/Asset Packs/Sounds/Magic Spells Sound Effects V2.0/Element Scholls/Fire/Fire Spell 17.wav using Guid(cfbf0de165f9ea84085fd47cbd5d06dc) Importer(815301076,1909f56bfc062723c751e8b465ee728b)  -> (artifact id: '1a2345f4f7551e219080ac8dc11274c5') in 0.017879 seconds
  Import took 0.023832 seconds .

========================================================================
Received Import Request.
  Time since last request: 0.000284 seconds.
  path: Assets/Asset Packs/Sounds/Magic Spells Sound Effects V2.0/Element Scholls/Fire/Fire Spell 10.wav
  artifactKey: Guid(f2f370cffb905a44d82b4d0f73f62b52) Importer(815301076,1909f56bfc062723c751e8b465ee728b)
Start importing Assets/Asset Packs/Sounds/Magic Spells Sound Effects V2.0/Element Scholls/Fire/Fire Spell 10.wav using Guid(f2f370cffb905a44d82b4d0f73f62b52) Importer(815301076,1909f56bfc062723c751e8b465ee728b)  -> (artifact id: 'ec6bf704b9cdcfc2b3dc166a4fb1627e') in 0.014603 seconds
  Import took 0.022362 seconds .

========================================================================
Received Import Request.
  Time since last request: 0.000343 seconds.
  path: Assets/Asset Packs/Sounds/Magic Spells Sound Effects V2.0/Element Scholls/Fire/Fire Spell 19.wav
  artifactKey: Guid(fca587ca6ce2e4546af4d70b07199f4e) Importer(815301076,1909f56bfc062723c751e8b465ee728b)
Start importing Assets/Asset Packs/Sounds/Magic Spells Sound Effects V2.0/Element Scholls/Fire/Fire Spell 19.wav using Guid(fca587ca6ce2e4546af4d70b07199f4e) Importer(815301076,1909f56bfc062723c751e8b465ee728b)  -> (artifact id: '26fadd7ac5973b05144f92c74197d86f') in 0.019818 seconds
  Import took 0.026798 seconds .

========================================================================
Received Import Request.
  Time since last request: 0.000215 seconds.
  path: Assets/Asset Packs/Sounds/Magic Spells Sound Effects V2.0/Element Scholls/Fire/Fire Spell 12.wav
  artifactKey: Guid(ac1844526bd9a0744b20e5ad2a20ca01) Importer(815301076,1909f56bfc062723c751e8b465ee728b)
Start importing Assets/Asset Packs/Sounds/Magic Spells Sound Effects V2.0/Element Scholls/Fire/Fire Spell 12.wav using Guid(ac1844526bd9a0744b20e5ad2a20ca01) Importer(815301076,1909f56bfc062723c751e8b465ee728b)  -> (artifact id: 'a6c321fb8dab2e461619a7b86ca4a051') in 0.016835 seconds
  Import took 0.023306 seconds .

========================================================================
Received Import Request.
  Time since last request: 0.000241 seconds.
  path: Assets/Asset Packs/Sounds/Magic Spells Sound Effects V2.0/Element Scholls/Fire/Fire Spell 05.wav
  artifactKey: Guid(03c7612f1c9db1144851cabfe1cfec2b) Importer(815301076,1909f56bfc062723c751e8b465ee728b)
Start importing Assets/Asset Packs/Sounds/Magic Spells Sound Effects V2.0/Element Scholls/Fire/Fire Spell 05.wav using Guid(03c7612f1c9db1144851cabfe1cfec2b) Importer(815301076,1909f56bfc062723c751e8b465ee728b)  -> (artifact id: '1385af22f912027392560c63891985f6') in 0.019157 seconds
  Import took 0.025142 seconds .

========================================================================
Received Import Request.
  Time since last request: 0.000173 seconds.
  path: Assets/Asset Packs/Sounds/Magic Spells Sound Effects V2.0/Element Scholls/Fire/Fire Spell 20.wav
  artifactKey: Guid(43ff498cc05bf784a82c5577538171b6) Importer(815301076,1909f56bfc062723c751e8b465ee728b)
Start importing Assets/Asset Packs/Sounds/Magic Spells Sound Effects V2.0/Element Scholls/Fire/Fire Spell 20.wav using Guid(43ff498cc05bf784a82c5577538171b6) Importer(815301076,1909f56bfc062723c751e8b465ee728b)  -> (artifact id: '3712784abcc9fa76af067db94a0ae7d3') in 0.019128 seconds
  Import took 0.024700 seconds .

========================================================================
Received Import Request.
  Time since last request: 0.000208 seconds.
  path: Assets/Asset Packs/Sounds/Magic Spells Sound Effects V2.0/Element Scholls/Fire/Fire Spell 03.wav
  artifactKey: Guid(189c47c2dcf5c7449845b411a74a1db1) Importer(815301076,1909f56bfc062723c751e8b465ee728b)
Start importing Assets/Asset Packs/Sounds/Magic Spells Sound Effects V2.0/Element Scholls/Fire/Fire Spell 03.wav using Guid(189c47c2dcf5c7449845b411a74a1db1) Importer(815301076,1909f56bfc062723c751e8b465ee728b)  -> (artifact id: '4a2056ec60e9f36d928cd2fa8d8dc7df') in 0.017512 seconds
  Import took 0.023437 seconds .

========================================================================
Received Import Request.
  Time since last request: 0.000151 seconds.
  path: Assets/Asset Packs/Sounds/Magic Spells Sound Effects V2.0/Element Scholls/Fire/Fire Spell 13.wav
  artifactKey: Guid(0eea2fa9a4fa5dc458989ddab9f866da) Importer(815301076,1909f56bfc062723c751e8b465ee728b)
Start importing Assets/Asset Packs/Sounds/Magic Spells Sound Effects V2.0/Element Scholls/Fire/Fire Spell 13.wav using Guid(0eea2fa9a4fa5dc458989ddab9f866da) Importer(815301076,1909f56bfc062723c751e8b465ee728b)  -> (artifact id: 'c6e364a7985e0cfec02db4ec1f6582d4') in 0.016033 seconds
  Import took 0.021808 seconds .

========================================================================
Received Import Request.
  Time since last request: 0.000232 seconds.
  path: Assets/Asset Packs/Sounds/Magic Spells Sound Effects V2.0/Element Scholls/Fire/Fire Spell 15.wav
  artifactKey: Guid(2ec8d42dacb62c44591fba4a393e8471) Importer(815301076,1909f56bfc062723c751e8b465ee728b)
Start importing Assets/Asset Packs/Sounds/Magic Spells Sound Effects V2.0/Element Scholls/Fire/Fire Spell 15.wav using Guid(2ec8d42dacb62c44591fba4a393e8471) Importer(815301076,1909f56bfc062723c751e8b465ee728b)  -> (artifact id: '79bcaf07d2a8d8c922e66db86e550556') in 0.017841 seconds
  Import took 0.023734 seconds .

========================================================================
Received Import Request.
  Time since last request: 0.000193 seconds.
  path: Assets/Asset Packs/Sounds/Magic Spells Sound Effects V2.0/Element Scholls/Fire/Fire Spell 02.wav
  artifactKey: Guid(a5f09916bb9b2be4cab3073c2a3c858a) Importer(815301076,1909f56bfc062723c751e8b465ee728b)
Start importing Assets/Asset Packs/Sounds/Magic Spells Sound Effects V2.0/Element Scholls/Fire/Fire Spell 02.wav using Guid(a5f09916bb9b2be4cab3073c2a3c858a) Importer(815301076,1909f56bfc062723c751e8b465ee728b)  -> (artifact id: '41b14f2527c8521cc353d36eabc5bcd3') in 0.010985 seconds
  Import took 0.016980 seconds .

========================================================================
Received Import Request.
  Time since last request: 0.000183 seconds.
  path: Assets/Asset Packs/Sounds/Magic Spells Sound Effects V2.0/Element Scholls/Fire/Fire Spell 09.wav
  artifactKey: Guid(2179b62b16110634e952d11eb94b3237) Importer(815301076,1909f56bfc062723c751e8b465ee728b)
Start importing Assets/Asset Packs/Sounds/Magic Spells Sound Effects V2.0/Element Scholls/Fire/Fire Spell 09.wav using Guid(2179b62b16110634e952d11eb94b3237) Importer(815301076,1909f56bfc062723c751e8b465ee728b)  -> (artifact id: '2698bec356b01fc419d73b31f3bd10a5') in 0.015515 seconds
  Import took 0.020811 seconds .

========================================================================
Received Import Request.
  Time since last request: 0.000177 seconds.
  path: Assets/Asset Packs/Sounds/Magic Spells Sound Effects V2.0/Element Scholls/Fire/Fire Spell 04.wav
  artifactKey: Guid(28a815309803c884ba3f582436b62c9a) Importer(815301076,1909f56bfc062723c751e8b465ee728b)
Start importing Assets/Asset Packs/Sounds/Magic Spells Sound Effects V2.0/Element Scholls/Fire/Fire Spell 04.wav using Guid(28a815309803c884ba3f582436b62c9a) Importer(815301076,1909f56bfc062723c751e8b465ee728b)  -> (artifact id: '5ce0f201ca959ce1ac5dbd807c75bc8c') in 0.018086 seconds
  Import took 0.024159 seconds .

========================================================================
Received Import Request.
  Time since last request: 0.000246 seconds.
  path: Assets/Asset Packs/Sounds/Magic Spells Sound Effects V2.0/Element Scholls/Fire/Fire Spell 11.wav
  artifactKey: Guid(5b2c6f703a0301844a2d4c3a4c6d0c04) Importer(815301076,1909f56bfc062723c751e8b465ee728b)
Start importing Assets/Asset Packs/Sounds/Magic Spells Sound Effects V2.0/Element Scholls/Fire/Fire Spell 11.wav using Guid(5b2c6f703a0301844a2d4c3a4c6d0c04) Importer(815301076,1909f56bfc062723c751e8b465ee728b)  -> (artifact id: '8268d88ed68f44aac442c70fc8aed85c') in 0.016484 seconds
  Import took 0.022464 seconds .

========================================================================
Received Import Request.
  Time since last request: 0.000436 seconds.
  path: Assets/Asset Packs/Sounds/Magic Spells Sound Effects V2.0/Element Scholls/Fire/Fire Spell 16.wav
  artifactKey: Guid(0178af1c7894d384a97c65552435cb2f) Importer(815301076,1909f56bfc062723c751e8b465ee728b)
Start importing Assets/Asset Packs/Sounds/Magic Spells Sound Effects V2.0/Element Scholls/Fire/Fire Spell 16.wav using Guid(0178af1c7894d384a97c65552435cb2f) Importer(815301076,1909f56bfc062723c751e8b465ee728b)  -> (artifact id: 'd279e4ce49a13bc9888e08bae9a8c9b9') in 0.016874 seconds
  Import took 0.023136 seconds .

========================================================================
Received Import Request.
  Time since last request: 0.000162 seconds.
  path: Assets/Asset Packs/Sounds/Magic Spells Sound Effects V2.0/Element Scholls/Fire/Fire Spell 06.wav
  artifactKey: Guid(cbd5657c45c5da94ea2fb4d54096ed99) Importer(815301076,1909f56bfc062723c751e8b465ee728b)
Start importing Assets/Asset Packs/Sounds/Magic Spells Sound Effects V2.0/Element Scholls/Fire/Fire Spell 06.wav using Guid(cbd5657c45c5da94ea2fb4d54096ed99) Importer(815301076,1909f56bfc062723c751e8b465ee728b)  -> (artifact id: '2397abecc36c474bfecb63193e27a709') in 0.016970 seconds
  Import took 0.023467 seconds .

========================================================================
Received Import Request.
  Time since last request: 0.000192 seconds.
  path: Assets/Asset Packs/Sounds/Magic Spells Sound Effects V2.0/Element Scholls/Fire/Fire Spell 07.wav
  artifactKey: Guid(18e677b706243cc4192c6a0c9f12d689) Importer(815301076,1909f56bfc062723c751e8b465ee728b)
Start importing Assets/Asset Packs/Sounds/Magic Spells Sound Effects V2.0/Element Scholls/Fire/Fire Spell 07.wav using Guid(18e677b706243cc4192c6a0c9f12d689) Importer(815301076,1909f56bfc062723c751e8b465ee728b)  -> (artifact id: 'a3b73df316c489b9bc4988fc1e8e0b65') in 0.017151 seconds
  Import took 0.022449 seconds .

========================================================================
Received Prepare
Registering precompiled user dll's ...
Registered in 0.006172 seconds.
Begin MonoManager ReloadAssembly
Native extension for WindowsStandalone target not found
Native extension for WebGL target not found
Refreshing native plugins compatible for Editor in 1.67 ms, found 0 plugins.
Preloading 0 native plugins for Editor in 0.00 ms.
Mono: successfully reloaded assembly
- Completed reload, in  0.939 seconds
Platform modules already initialized, skipping
Shader 'Universal Render Pipeline/Particles/Lit': fallback shader 'Universal Render Pipeline/Particles/SimpleLit' not found
Refreshing native plugins compatible for Editor in 3.16 ms, found 0 plugins.
Preloading 0 native plugins for Editor in 0.00 ms.
Unloading 3294 Unused Serialized files (Serialized files now loaded: 0)
System memory in use before: 171.9 MB.
System memory in use after: 172.1 MB.

Unloading 46 unused Assets to reduce memory usage. Loaded Objects now: 3907.
Total: 8.200700 ms (FindLiveObjects: 0.736200 ms CreateObjectMapping: 0.120700 ms MarkObjects: 7.274900 ms  DeleteObjects: 0.065300 ms)

========================================================================
Received Prepare
Registering precompiled user dll's ...
Registered in 0.005101 seconds.
Begin MonoManager ReloadAssembly
Native extension for WindowsStandalone target not found
Native extension for WebGL target not found
Refreshing native plugins compatible for Editor in 1.74 ms, found 0 plugins.
Preloading 0 native plugins for Editor in 0.00 ms.
Mono: successfully reloaded assembly
- Completed reload, in  0.896 seconds
Platform modules already initialized, skipping
Shader 'Universal Render Pipeline/Particles/Lit': fallback shader 'Universal Render Pipeline/Particles/SimpleLit' not found
Refreshing native plugins compatible for Editor in 1.76 ms, found 0 plugins.
Preloading 0 native plugins for Editor in 0.00 ms.
Unloading 3294 Unused Serialized files (Serialized files now loaded: 0)
System memory in use before: 171.9 MB.
System memory in use after: 172.1 MB.

Unloading 46 unused Assets to reduce memory usage. Loaded Objects now: 3910.
Total: 6.052700 ms (FindLiveObjects: 0.421800 ms CreateObjectMapping: 0.085800 ms MarkObjects: 5.509000 ms  DeleteObjects: 0.034500 ms)

========================================================================
Received Prepare
Registering precompiled user dll's ...
Registered in 0.006226 seconds.
Begin MonoManager ReloadAssembly
Native extension for WindowsStandalone target not found
Native extension for WebGL target not found
Refreshing native plugins compatible for Editor in 2.03 ms, found 0 plugins.
Preloading 0 native plugins for Editor in 0.00 ms.
Mono: successfully reloaded assembly
- Completed reload, in  0.940 seconds
Platform modules already initialized, skipping
Shader 'Universal Render Pipeline/Particles/Lit': fallback shader 'Universal Render Pipeline/Particles/SimpleLit' not found
Refreshing native plugins compatible for Editor in 1.92 ms, found 0 plugins.
Preloading 0 native plugins for Editor in 0.00 ms.
Unloading 3294 Unused Serialized files (Serialized files now loaded: 0)
System memory in use before: 171.9 MB.
System memory in use after: 172.1 MB.

Unloading 46 unused Assets to reduce memory usage. Loaded Objects now: 3913.
Total: 6.151300 ms (FindLiveObjects: 0.617500 ms CreateObjectMapping: 0.095300 ms MarkObjects: 5.402100 ms  DeleteObjects: 0.034100 ms)

========================================================================
Received Prepare
Registering precompiled user dll's ...
Registered in 0.006028 seconds.
Begin MonoManager ReloadAssembly
Native extension for WindowsStandalone target not found
Native extension for WebGL target not found
Refreshing native plugins compatible for Editor in 2.35 ms, found 0 plugins.
Preloading 0 native plugins for Editor in 0.00 ms.
Mono: successfully reloaded assembly
- Completed reload, in  0.999 seconds
Platform modules already initialized, skipping
Shader 'Universal Render Pipeline/Particles/Lit': fallback shader 'Universal Render Pipeline/Particles/SimpleLit' not found
Refreshing native plugins compatible for Editor in 2.17 ms, found 0 plugins.
Preloading 0 native plugins for Editor in 0.00 ms.
Unloading 3294 Unused Serialized files (Serialized files now loaded: 0)
System memory in use before: 171.9 MB.
System memory in use after: 172.1 MB.

Unloading 46 unused Assets to reduce memory usage. Loaded Objects now: 3916.
Total: 5.758400 ms (FindLiveObjects: 0.369400 ms CreateObjectMapping: 0.084000 ms MarkObjects: 5.275200 ms  DeleteObjects: 0.028200 ms)

========================================================================
Received Prepare
Registering precompiled user dll's ...
Registered in 0.007359 seconds.
Begin MonoManager ReloadAssembly
Native extension for WindowsStandalone target not found
Native extension for WebGL target not found
Refreshing native plugins compatible for Editor in 1.75 ms, found 0 plugins.
Preloading 0 native plugins for Editor in 0.00 ms.
Mono: successfully reloaded assembly
- Completed reload, in  0.959 seconds
Platform modules already initialized, skipping
Shader 'Universal Render Pipeline/Particles/Lit': fallback shader 'Universal Render Pipeline/Particles/SimpleLit' not found
Refreshing native plugins compatible for Editor in 1.79 ms, found 0 plugins.
Preloading 0 native plugins for Editor in 0.00 ms.
Unloading 3294 Unused Serialized files (Serialized files now loaded: 0)
System memory in use before: 171.9 MB.
System memory in use after: 172.1 MB.

Unloading 46 unused Assets to reduce memory usage. Loaded Objects now: 3919.
Total: 5.632300 ms (FindLiveObjects: 0.562500 ms CreateObjectMapping: 0.096700 ms MarkObjects: 4.943600 ms  DeleteObjects: 0.027300 ms)

========================================================================
Received Prepare
Registering precompiled user dll's ...
Registered in 0.005251 seconds.
Begin MonoManager ReloadAssembly
Native extension for WindowsStandalone target not found
Native extension for WebGL target not found
Refreshing native plugins compatible for Editor in 2.03 ms, found 0 plugins.
Preloading 0 native plugins for Editor in 0.00 ms.
Mono: successfully reloaded assembly
- Completed reload, in  0.914 seconds
Platform modules already initialized, skipping
Shader 'Universal Render Pipeline/Particles/Lit': fallback shader 'Universal Render Pipeline/Particles/SimpleLit' not found
Refreshing native plugins compatible for Editor in 2.71 ms, found 0 plugins.
Preloading 0 native plugins for Editor in 0.00 ms.
Unloading 3294 Unused Serialized files (Serialized files now loaded: 0)
System memory in use before: 171.9 MB.
System memory in use after: 172.1 MB.

Unloading 46 unused Assets to reduce memory usage. Loaded Objects now: 3922.
Total: 7.471000 ms (FindLiveObjects: 0.485000 ms CreateObjectMapping: 0.552700 ms MarkObjects: 6.404700 ms  DeleteObjects: 0.027100 ms)

========================================================================
Received Prepare
Registering precompiled user dll's ...
Registered in 0.007709 seconds.
Begin MonoManager ReloadAssembly
Native extension for WindowsStandalone target not found
Native extension for WebGL target not found
Refreshing native plugins compatible for Editor in 4.87 ms, found 0 plugins.
Preloading 0 native plugins for Editor in 0.00 ms.
Mono: successfully reloaded assembly
- Completed reload, in  1.693 seconds
Platform modules already initialized, skipping
Shader 'Universal Render Pipeline/Particles/Lit': fallback shader 'Universal Render Pipeline/Particles/SimpleLit' not found
Refreshing native plugins compatible for Editor in 3.56 ms, found 0 plugins.
Preloading 0 native plugins for Editor in 0.00 ms.
Unloading 3294 Unused Serialized files (Serialized files now loaded: 0)
System memory in use before: 171.9 MB.
System memory in use after: 172.1 MB.

Unloading 46 unused Assets to reduce memory usage. Loaded Objects now: 3925.
Total: 11.714600 ms (FindLiveObjects: 0.734300 ms CreateObjectMapping: 0.471100 ms MarkObjects: 10.450600 ms  DeleteObjects: 0.056700 ms)

========================================================================
Received Prepare
Registering precompiled user dll's ...
Registered in 0.005566 seconds.
Begin MonoManager ReloadAssembly
Native extension for WindowsStandalone target not found
Native extension for WebGL target not found
Refreshing native plugins compatible for Editor in 1.82 ms, found 0 plugins.
Preloading 0 native plugins for Editor in 0.00 ms.
Mono: successfully reloaded assembly
- Completed reload, in  0.949 seconds
Platform modules already initialized, skipping
Shader 'Universal Render Pipeline/Particles/Lit': fallback shader 'Universal Render Pipeline/Particles/SimpleLit' not found
Refreshing native plugins compatible for Editor in 2.32 ms, found 0 plugins.
Preloading 0 native plugins for Editor in 0.00 ms.
Unloading 3294 Unused Serialized files (Serialized files now loaded: 0)
System memory in use before: 171.9 MB.
System memory in use after: 172.1 MB.

Unloading 46 unused Assets to reduce memory usage. Loaded Objects now: 3928.
Total: 6.358200 ms (FindLiveObjects: 0.626700 ms CreateObjectMapping: 0.119300 ms MarkObjects: 5.568500 ms  DeleteObjects: 0.042000 ms)

========================================================================
Received Prepare
Registering precompiled user dll's ...
Registered in 0.005313 seconds.
Begin MonoManager ReloadAssembly
Native extension for WindowsStandalone target not found
Native extension for WebGL target not found
Refreshing native plugins compatible for Editor in 2.64 ms, found 0 plugins.
Preloading 0 native plugins for Editor in 0.00 ms.
Mono: successfully reloaded assembly
- Completed reload, in  0.955 seconds
Platform modules already initialized, skipping
Shader 'Universal Render Pipeline/Particles/Lit': fallback shader 'Universal Render Pipeline/Particles/SimpleLit' not found
Refreshing native plugins compatible for Editor in 1.60 ms, found 0 plugins.
Preloading 0 native plugins for Editor in 0.00 ms.
Unloading 3294 Unused Serialized files (Serialized files now loaded: 0)
System memory in use before: 171.9 MB.
System memory in use after: 172.1 MB.

Unloading 46 unused Assets to reduce memory usage. Loaded Objects now: 3931.
Total: 6.725200 ms (FindLiveObjects: 0.412500 ms CreateObjectMapping: 0.085800 ms MarkObjects: 6.196400 ms  DeleteObjects: 0.029100 ms)

========================================================================
Received Prepare
Registering precompiled user dll's ...
Registered in 0.005176 seconds.
Begin MonoManager ReloadAssembly
Native extension for WindowsStandalone target not found
Native extension for WebGL target not found
Refreshing native plugins compatible for Editor in 1.80 ms, found 0 plugins.
Preloading 0 native plugins for Editor in 0.00 ms.
Mono: successfully reloaded assembly
- Completed reload, in  0.939 seconds
Platform modules already initialized, skipping
Shader 'Universal Render Pipeline/Particles/Lit': fallback shader 'Universal Render Pipeline/Particles/SimpleLit' not found
Refreshing native plugins compatible for Editor in 2.14 ms, found 0 plugins.
Preloading 0 native plugins for Editor in 0.00 ms.
Unloading 3294 Unused Serialized files (Serialized files now loaded: 0)
System memory in use before: 171.9 MB.
System memory in use after: 172.1 MB.

Unloading 46 unused Assets to reduce memory usage. Loaded Objects now: 3934.
Total: 6.549900 ms (FindLiveObjects: 0.460700 ms CreateObjectMapping: 0.085700 ms MarkObjects: 5.961200 ms  DeleteObjects: 0.040700 ms)

========================================================================
Received Prepare
Registering precompiled user dll's ...
Registered in 0.006701 seconds.
Begin MonoManager ReloadAssembly
Native extension for WindowsStandalone target not found
Native extension for WebGL target not found
Refreshing native plugins compatible for Editor in 2.53 ms, found 0 plugins.
Preloading 0 native plugins for Editor in 0.00 ms.
Mono: successfully reloaded assembly
- Completed reload, in  0.976 seconds
Platform modules already initialized, skipping
Shader 'Universal Render Pipeline/Particles/Lit': fallback shader 'Universal Render Pipeline/Particles/SimpleLit' not found
Refreshing native plugins compatible for Editor in 1.77 ms, found 0 plugins.
Preloading 0 native plugins for Editor in 0.00 ms.
Unloading 3294 Unused Serialized files (Serialized files now loaded: 0)
System memory in use before: 171.9 MB.
System memory in use after: 172.1 MB.

Unloading 46 unused Assets to reduce memory usage. Loaded Objects now: 3937.
Total: 5.927000 ms (FindLiveObjects: 0.482900 ms CreateObjectMapping: 0.100400 ms MarkObjects: 5.309300 ms  DeleteObjects: 0.032900 ms)

========================================================================
Received Prepare
Registering precompiled user dll's ...
Registered in 0.005352 seconds.
Begin MonoManager ReloadAssembly
Native extension for WindowsStandalone target not found
Native extension for WebGL target not found
Refreshing native plugins compatible for Editor in 1.84 ms, found 0 plugins.
Preloading 0 native plugins for Editor in 0.00 ms.
Mono: successfully reloaded assembly
- Completed reload, in  0.935 seconds
Platform modules already initialized, skipping
Shader 'Universal Render Pipeline/Particles/Lit': fallback shader 'Universal Render Pipeline/Particles/SimpleLit' not found
Refreshing native plugins compatible for Editor in 3.54 ms, found 0 plugins.
Preloading 0 native plugins for Editor in 0.00 ms.
Unloading 3294 Unused Serialized files (Serialized files now loaded: 0)
System memory in use before: 171.9 MB.
System memory in use after: 172.1 MB.

Unloading 46 unused Assets to reduce memory usage. Loaded Objects now: 3940.
Total: 7.991200 ms (FindLiveObjects: 0.797100 ms CreateObjectMapping: 0.117100 ms MarkObjects: 7.026200 ms  DeleteObjects: 0.048300 ms)

========================================================================
Received Prepare
Registering precompiled user dll's ...
Registered in 0.004946 seconds.
Begin MonoManager ReloadAssembly
Native extension for WindowsStandalone target not found
Native extension for WebGL target not found
Refreshing native plugins compatible for Editor in 2.26 ms, found 0 plugins.
Preloading 0 native plugins for Editor in 0.00 ms.
Mono: successfully reloaded assembly
- Completed reload, in  1.045 seconds
Platform modules already initialized, skipping
Shader 'Universal Render Pipeline/Particles/Lit': fallback shader 'Universal Render Pipeline/Particles/SimpleLit' not found
Refreshing native plugins compatible for Editor in 1.67 ms, found 0 plugins.
Preloading 0 native plugins for Editor in 0.00 ms.
Unloading 3294 Unused Serialized files (Serialized files now loaded: 0)
System memory in use before: 171.9 MB.
System memory in use after: 172.2 MB.

Unloading 46 unused Assets to reduce memory usage. Loaded Objects now: 3943.
Total: 5.904100 ms (FindLiveObjects: 0.424700 ms CreateObjectMapping: 0.087400 ms MarkObjects: 5.342900 ms  DeleteObjects: 0.047000 ms)

========================================================================
Received Prepare
Registering precompiled user dll's ...
Registered in 0.004856 seconds.
Begin MonoManager ReloadAssembly
Native extension for WindowsStandalone target not found
Native extension for WebGL target not found
Refreshing native plugins compatible for Editor in 2.17 ms, found 0 plugins.
Preloading 0 native plugins for Editor in 0.00 ms.
Mono: successfully reloaded assembly
- Completed reload, in  0.929 seconds
Platform modules already initialized, skipping
Shader 'Universal Render Pipeline/Particles/Lit': fallback shader 'Universal Render Pipeline/Particles/SimpleLit' not found
Refreshing native plugins compatible for Editor in 2.75 ms, found 0 plugins.
Preloading 0 native plugins for Editor in 0.00 ms.
Unloading 3294 Unused Serialized files (Serialized files now loaded: 0)
System memory in use before: 171.9 MB.
System memory in use after: 172.2 MB.

Unloading 46 unused Assets to reduce memory usage. Loaded Objects now: 3946.
Total: 7.732700 ms (FindLiveObjects: 0.692900 ms CreateObjectMapping: 0.155000 ms MarkObjects: 6.837900 ms  DeleteObjects: 0.045800 ms)

========================================================================
Received Import Request.
  Time since last request: 1569.694441 seconds.
  path: Assets/Game/Projectiles/DirectionalSpells/Root Spell.prefab
  artifactKey: Guid(e6043f81c556e0442b2149127fe4b862) Importer(815301076,1909f56bfc062723c751e8b465ee728b)
Start importing Assets/Game/Projectiles/DirectionalSpells/Root Spell.prefab using Guid(e6043f81c556e0442b2149127fe4b862) Importer(815301076,1909f56bfc062723c751e8b465ee728b)  -> (artifact id: '60fc76d98164dceefee5ea2d0e607963') in 0.040155 seconds
  Import took 0.048954 seconds .

========================================================================
Received Prepare
Registering precompiled user dll's ...
Registered in 0.006707 seconds.
Begin MonoManager ReloadAssembly
Native extension for WindowsStandalone target not found
Native extension for WebGL target not found
Refreshing native plugins compatible for Editor in 1.72 ms, found 0 plugins.
Preloading 0 native plugins for Editor in 0.00 ms.
Mono: successfully reloaded assembly
- Completed reload, in  1.025 seconds
Platform modules already initialized, skipping
Shader 'Universal Render Pipeline/Particles/Lit': fallback shader 'Universal Render Pipeline/Particles/SimpleLit' not found
Refreshing native plugins compatible for Editor in 3.88 ms, found 0 plugins.
Preloading 0 native plugins for Editor in 0.00 ms.
Unloading 3294 Unused Serialized files (Serialized files now loaded: 0)
System memory in use before: 171.9 MB.
System memory in use after: 172.2 MB.

Unloading 46 unused Assets to reduce memory usage. Loaded Objects now: 3949.
Total: 8.397200 ms (FindLiveObjects: 0.638500 ms CreateObjectMapping: 0.121300 ms MarkObjects: 7.602600 ms  DeleteObjects: 0.033200 ms)

========================================================================
Received Import Request.
  Time since last request: 26.501338 seconds.
  path: Assets/Game/Projectiles/DirectionalSpells/Root Spell.prefab
  artifactKey: Guid(e6043f81c556e0442b2149127fe4b862) Importer(815301076,1909f56bfc062723c751e8b465ee728b)
Start importing Assets/Game/Projectiles/DirectionalSpells/Root Spell.prefab using Guid(e6043f81c556e0442b2149127fe4b862) Importer(815301076,1909f56bfc062723c751e8b465ee728b)  -> (artifact id: '40268bc9b495e81f503339d78d2735f2') in 0.042795 seconds
  Import took 0.051209 seconds .

========================================================================
Received Import Request.
  Time since last request: 18.381806 seconds.
  path: Assets/Game/Effects/VFX_Spells/Prefabs/Projectiles/vfx_Hit_v1.prefab
  artifactKey: Guid(2252fa7ff89c2a646ac296d8ed68b6cb) Importer(815301076,1909f56bfc062723c751e8b465ee728b)
Start importing Assets/Game/Effects/VFX_Spells/Prefabs/Projectiles/vfx_Hit_v1.prefab using Guid(2252fa7ff89c2a646ac296d8ed68b6cb) Importer(815301076,1909f56bfc062723c751e8b465ee728b)  -> (artifact id: 'f984a32b15bca47c5cf6b975c1f549f3') in 0.008405 seconds
  Import took 0.014796 seconds .

========================================================================
Received Import Request.
  Time since last request: 3.939974 seconds.
  path: Assets/Game/Effects/VFX_Spells/Prefabs/Projectiles/vfx_Hit_v1.prefab
  artifactKey: Guid(2252fa7ff89c2a646ac296d8ed68b6cb) Importer(815301076,1909f56bfc062723c751e8b465ee728b)
Start importing Assets/Game/Effects/VFX_Spells/Prefabs/Projectiles/vfx_Hit_v1.prefab using Guid(2252fa7ff89c2a646ac296d8ed68b6cb) Importer(815301076,1909f56bfc062723c751e8b465ee728b)  -> (artifact id: 'b443f8018e400b3022aa73117618c4c8') in 0.004752 seconds
  Import took 0.010592 seconds .

========================================================================
Received Prepare
Registering precompiled user dll's ...
Registered in 0.005134 seconds.
Begin MonoManager ReloadAssembly
Native extension for WindowsStandalone target not found
Native extension for WebGL target not found
Refreshing native plugins compatible for Editor in 2.06 ms, found 0 plugins.
Preloading 0 native plugins for Editor in 0.00 ms.
Mono: successfully reloaded assembly
- Completed reload, in  0.926 seconds
Platform modules already initialized, skipping
Shader 'Universal Render Pipeline/Particles/Lit': fallback shader 'Universal Render Pipeline/Particles/SimpleLit' not found
Refreshing native plugins compatible for Editor in 1.71 ms, found 0 plugins.
Preloading 0 native plugins for Editor in 0.00 ms.
Unloading 3294 Unused Serialized files (Serialized files now loaded: 0)
System memory in use before: 171.9 MB.
System memory in use after: 172.2 MB.

Unloading 46 unused Assets to reduce memory usage. Loaded Objects now: 3952.
Total: 5.982900 ms (FindLiveObjects: 0.365000 ms CreateObjectMapping: 0.093600 ms MarkObjects: 5.487900 ms  DeleteObjects: 0.035200 ms)

========================================================================
Received Import Request.
  Time since last request: 82.613318 seconds.
  path: Assets/Game/Effects/VFX_Spells/Prefabs/Projectiles/vfx_Hit_v1 1.prefab
  artifactKey: Guid(46f146cdeada5bb49b1d1d010b818bb4) Importer(815301076,1909f56bfc062723c751e8b465ee728b)
Start importing Assets/Game/Effects/VFX_Spells/Prefabs/Projectiles/vfx_Hit_v1 1.prefab using Guid(46f146cdeada5bb49b1d1d010b818bb4) Importer(815301076,1909f56bfc062723c751e8b465ee728b)  -> (artifact id: '63a38b232ff85674a651e6aa1362a076') in 0.028909 seconds
  Import took 0.035512 seconds .

========================================================================
Received Import Request.
  Time since last request: 5.092901 seconds.
  path: Assets/Game/Effects/VFX_Spells/Prefabs/Projectiles/vfx_Hit_Fire_v1.prefab
  artifactKey: Guid(46f146cdeada5bb49b1d1d010b818bb4) Importer(815301076,1909f56bfc062723c751e8b465ee728b)
Start importing Assets/Game/Effects/VFX_Spells/Prefabs/Projectiles/vfx_Hit_Fire_v1.prefab using Guid(46f146cdeada5bb49b1d1d010b818bb4) Importer(815301076,1909f56bfc062723c751e8b465ee728b)  -> (artifact id: 'a0da2af034aa63c8e8d4b480bac3e712') in 0.008405 seconds
  Import took 0.013966 seconds .

========================================================================
Received Import Request.
  Time since last request: 9.832211 seconds.
  path: Assets/Game/Effects/VFX_Spells/Prefabs/Projectiles/vfx_Hit_Fire_v1.prefab
  artifactKey: Guid(46f146cdeada5bb49b1d1d010b818bb4) Importer(815301076,1909f56bfc062723c751e8b465ee728b)
Start importing Assets/Game/Effects/VFX_Spells/Prefabs/Projectiles/vfx_Hit_Fire_v1.prefab using Guid(46f146cdeada5bb49b1d1d010b818bb4) Importer(815301076,1909f56bfc062723c751e8b465ee728b)  -> (artifact id: '84c2a174bcb5a456c3b7800774c3218e') in 0.004484 seconds
  Import took 0.010833 seconds .

========================================================================
Received Import Request.
  Time since last request: 0.607062 seconds.
  path: Assets/Game/Effects/VFX_Spells/Prefabs/Projectiles/vfx_Hit_Fire_v1.prefab
  artifactKey: Guid(46f146cdeada5bb49b1d1d010b818bb4) Importer(815301076,1909f56bfc062723c751e8b465ee728b)
Start importing Assets/Game/Effects/VFX_Spells/Prefabs/Projectiles/vfx_Hit_Fire_v1.prefab using Guid(46f146cdeada5bb49b1d1d010b818bb4) Importer(815301076,1909f56bfc062723c751e8b465ee728b)  -> (artifact id: '45251079968f7f10ecacaf8f58e4466d') in 0.005465 seconds
  Import took 0.011553 seconds .

========================================================================
Received Import Request.
  Time since last request: 10.979232 seconds.
  path: Assets/Game/Effects/VFX_Spells/Prefabs/Projectiles/vfx_Hit_Fire_v1.prefab
  artifactKey: Guid(46f146cdeada5bb49b1d1d010b818bb4) Importer(815301076,1909f56bfc062723c751e8b465ee728b)
Start importing Assets/Game/Effects/VFX_Spells/Prefabs/Projectiles/vfx_Hit_Fire_v1.prefab using Guid(46f146cdeada5bb49b1d1d010b818bb4) Importer(815301076,1909f56bfc062723c751e8b465ee728b)  -> (artifact id: 'b15ecc83d0d9fe755b4f8ffc544a5040') in 0.005052 seconds
  Import took 0.011316 seconds .

========================================================================
Received Import Request.
  Time since last request: 0.613507 seconds.
  path: Assets/Game/Effects/VFX_Spells/Prefabs/Projectiles/vfx_Hit_Fire_v1.prefab
  artifactKey: Guid(46f146cdeada5bb49b1d1d010b818bb4) Importer(815301076,1909f56bfc062723c751e8b465ee728b)
Start importing Assets/Game/Effects/VFX_Spells/Prefabs/Projectiles/vfx_Hit_Fire_v1.prefab using Guid(46f146cdeada5bb49b1d1d010b818bb4) Importer(815301076,1909f56bfc062723c751e8b465ee728b)  -> (artifact id: '1aeb43c1112cd6ecc2659b93eed1b66c') in 0.004995 seconds
  Import took 0.012091 seconds .

========================================================================
Received Import Request.
  Time since last request: 7.702359 seconds.
  path: Assets/Game/Effects/VFX_Spells/Prefabs/Projectiles/vfx_Hit_Fire_v1.prefab
  artifactKey: Guid(46f146cdeada5bb49b1d1d010b818bb4) Importer(815301076,1909f56bfc062723c751e8b465ee728b)
Start importing Assets/Game/Effects/VFX_Spells/Prefabs/Projectiles/vfx_Hit_Fire_v1.prefab using Guid(46f146cdeada5bb49b1d1d010b818bb4) Importer(815301076,1909f56bfc062723c751e8b465ee728b)  -> (artifact id: 'df699d0072badaecf16f14ad41f3b093') in 0.005676 seconds
  Import took 0.011272 seconds .

========================================================================
Received Import Request.
  Time since last request: 0.617374 seconds.
  path: Assets/Game/Effects/VFX_Spells/Prefabs/Projectiles/vfx_Hit_Fire_v1.prefab
  artifactKey: Guid(46f146cdeada5bb49b1d1d010b818bb4) Importer(815301076,1909f56bfc062723c751e8b465ee728b)
Start importing Assets/Game/Effects/VFX_Spells/Prefabs/Projectiles/vfx_Hit_Fire_v1.prefab using Guid(46f146cdeada5bb49b1d1d010b818bb4) Importer(815301076,1909f56bfc062723c751e8b465ee728b)  -> (artifact id: 'd5b0d5179329f9a9891c8f0e44a5a534') in 0.004609 seconds
  Import took 0.010485 seconds .

========================================================================
Received Import Request.
  Time since last request: 2.037346 seconds.
  path: Assets/Game/Effects/VFX_Spells/Prefabs/Projectiles/vfx_Hit_Fire_v1.prefab
  artifactKey: Guid(46f146cdeada5bb49b1d1d010b818bb4) Importer(815301076,1909f56bfc062723c751e8b465ee728b)
Start importing Assets/Game/Effects/VFX_Spells/Prefabs/Projectiles/vfx_Hit_Fire_v1.prefab using Guid(46f146cdeada5bb49b1d1d010b818bb4) Importer(815301076,1909f56bfc062723c751e8b465ee728b)  -> (artifact id: '24d5dc66cbcadc8eaca4f0471ccb2f4d') in 0.004440 seconds
  Import took 0.010012 seconds .

========================================================================
Received Import Request.
  Time since last request: 1.033851 seconds.
  path: Assets/Game/Effects/VFX_Spells/Prefabs/Projectiles/vfx_Hit_Fire_v1.prefab
  artifactKey: Guid(46f146cdeada5bb49b1d1d010b818bb4) Importer(815301076,1909f56bfc062723c751e8b465ee728b)
Start importing Assets/Game/Effects/VFX_Spells/Prefabs/Projectiles/vfx_Hit_Fire_v1.prefab using Guid(46f146cdeada5bb49b1d1d010b818bb4) Importer(815301076,1909f56bfc062723c751e8b465ee728b)  -> (artifact id: '42af366c60655ec80275a39036b0a7e5') in 0.004736 seconds
  Import took 0.011141 seconds .

========================================================================
Received Import Request.
  Time since last request: 7.545349 seconds.
  path: Assets/Game/Effects/VFX_Spells/Prefabs/Projectiles/vfx_Hit_Fire_v1.prefab
  artifactKey: Guid(46f146cdeada5bb49b1d1d010b818bb4) Importer(815301076,1909f56bfc062723c751e8b465ee728b)
Start importing Assets/Game/Effects/VFX_Spells/Prefabs/Projectiles/vfx_Hit_Fire_v1.prefab using Guid(46f146cdeada5bb49b1d1d010b818bb4) Importer(815301076,1909f56bfc062723c751e8b465ee728b)  -> (artifact id: '7628fbc213291075b992275c0aa878a8') in 0.004980 seconds
  Import took 0.011632 seconds .

========================================================================
Received Import Request.
  Time since last request: 1.230247 seconds.
  path: Assets/Game/Effects/VFX_Spells/Prefabs/Projectiles/vfx_Hit_Fire_v1.prefab
  artifactKey: Guid(46f146cdeada5bb49b1d1d010b818bb4) Importer(815301076,1909f56bfc062723c751e8b465ee728b)
Start importing Assets/Game/Effects/VFX_Spells/Prefabs/Projectiles/vfx_Hit_Fire_v1.prefab using Guid(46f146cdeada5bb49b1d1d010b818bb4) Importer(815301076,1909f56bfc062723c751e8b465ee728b)  -> (artifact id: '7e0d181bba42ed2ddb08e8283db1af12') in 0.004240 seconds
  Import took 0.009604 seconds .

